[2024-09-17T01:15:54.595+0000] {processor.py:161} INFO - Started process (PID=13505) to work on /opt/airflow/dags/postgres_to_bigquery_dag.py
[2024-09-17T01:15:54.613+0000] {processor.py:830} INFO - Processing file /opt/airflow/dags/postgres_to_bigquery_dag.py for tasks to queue
[2024-09-17T01:15:54.630+0000] {logging_mixin.py:188} INFO - [2024-09-17T01:15:54.618+0000] {dagbag.py:545} INFO - Filling up the DagBag from /opt/airflow/dags/postgres_to_bigquery_dag.py
[2024-09-17T04:24:31.735+0000] {logging_mixin.py:188} INFO - [2024-09-17T04:24:31.734+0000] {timeout.py:68} ERROR - Process timed out, PID: 13505
[2024-09-17T04:25:10.066+0000] {processor.py:161} INFO - Started process (PID=13559) to work on /opt/airflow/dags/postgres_to_bigquery_dag.py
[2024-09-17T04:25:10.080+0000] {processor.py:830} INFO - Processing file /opt/airflow/dags/postgres_to_bigquery_dag.py for tasks to queue
[2024-09-17T04:25:10.111+0000] {logging_mixin.py:188} INFO - [2024-09-17T04:25:10.082+0000] {dagbag.py:545} INFO - Filling up the DagBag from /opt/airflow/dags/postgres_to_bigquery_dag.py
[2024-09-17T04:25:23.087+0000] {processor.py:840} INFO - DAG(s) 'postgres_to_bigquery' retrieved from /opt/airflow/dags/postgres_to_bigquery_dag.py
[2024-09-17T04:25:24.881+0000] {logging_mixin.py:188} INFO - [2024-09-17T04:25:24.880+0000] {dag.py:3089} INFO - Sync 1 DAGs
[2024-09-17T04:25:25.361+0000] {logging_mixin.py:188} INFO - [2024-09-17T04:25:25.361+0000] {dag.py:3947} INFO - Setting next_dagrun for postgres_to_bigquery to 2024-09-17 00:00:00+00:00, run_after=2024-09-18 00:00:00+00:00
[2024-09-17T04:25:25.667+0000] {processor.py:183} INFO - Processing /opt/airflow/dags/postgres_to_bigquery_dag.py took 15.628 seconds
[2024-09-17T04:25:56.656+0000] {processor.py:161} INFO - Started process (PID=13581) to work on /opt/airflow/dags/postgres_to_bigquery_dag.py
[2024-09-17T04:25:56.673+0000] {processor.py:830} INFO - Processing file /opt/airflow/dags/postgres_to_bigquery_dag.py for tasks to queue
[2024-09-17T04:25:56.688+0000] {logging_mixin.py:188} INFO - [2024-09-17T04:25:56.687+0000] {dagbag.py:545} INFO - Filling up the DagBag from /opt/airflow/dags/postgres_to_bigquery_dag.py
[2024-09-17T04:26:01.824+0000] {processor.py:840} INFO - DAG(s) 'postgres_to_bigquery' retrieved from /opt/airflow/dags/postgres_to_bigquery_dag.py
[2024-09-17T04:26:02.033+0000] {logging_mixin.py:188} INFO - [2024-09-17T04:26:02.031+0000] {dag.py:3089} INFO - Sync 1 DAGs
[2024-09-17T04:26:02.246+0000] {logging_mixin.py:188} INFO - [2024-09-17T04:26:02.245+0000] {dag.py:3947} INFO - Setting next_dagrun for postgres_to_bigquery to 2024-09-17 00:00:00+00:00, run_after=2024-09-18 00:00:00+00:00
[2024-09-17T04:26:02.479+0000] {processor.py:183} INFO - Processing /opt/airflow/dags/postgres_to_bigquery_dag.py took 5.861 seconds
[2024-09-17T04:26:33.731+0000] {processor.py:161} INFO - Started process (PID=13608) to work on /opt/airflow/dags/postgres_to_bigquery_dag.py
[2024-09-17T04:26:33.733+0000] {processor.py:830} INFO - Processing file /opt/airflow/dags/postgres_to_bigquery_dag.py for tasks to queue
[2024-09-17T04:26:33.735+0000] {logging_mixin.py:188} INFO - [2024-09-17T04:26:33.734+0000] {dagbag.py:545} INFO - Filling up the DagBag from /opt/airflow/dags/postgres_to_bigquery_dag.py
[2024-09-17T04:26:35.643+0000] {processor.py:840} INFO - DAG(s) 'postgres_to_bigquery' retrieved from /opt/airflow/dags/postgres_to_bigquery_dag.py
[2024-09-17T04:26:35.725+0000] {logging_mixin.py:188} INFO - [2024-09-17T04:26:35.723+0000] {dag.py:3089} INFO - Sync 1 DAGs
[2024-09-17T04:26:35.839+0000] {logging_mixin.py:188} INFO - [2024-09-17T04:26:35.838+0000] {dag.py:3947} INFO - Setting next_dagrun for postgres_to_bigquery to 2024-09-17 00:00:00+00:00, run_after=2024-09-18 00:00:00+00:00
[2024-09-17T04:26:35.907+0000] {processor.py:183} INFO - Processing /opt/airflow/dags/postgres_to_bigquery_dag.py took 2.191 seconds
[2024-09-17T04:27:06.343+0000] {processor.py:161} INFO - Started process (PID=13626) to work on /opt/airflow/dags/postgres_to_bigquery_dag.py
[2024-09-17T04:27:06.346+0000] {processor.py:830} INFO - Processing file /opt/airflow/dags/postgres_to_bigquery_dag.py for tasks to queue
[2024-09-17T04:27:06.349+0000] {logging_mixin.py:188} INFO - [2024-09-17T04:27:06.348+0000] {dagbag.py:545} INFO - Filling up the DagBag from /opt/airflow/dags/postgres_to_bigquery_dag.py
[2024-09-17T04:27:08.078+0000] {processor.py:840} INFO - DAG(s) 'postgres_to_bigquery' retrieved from /opt/airflow/dags/postgres_to_bigquery_dag.py
[2024-09-17T04:27:08.136+0000] {logging_mixin.py:188} INFO - [2024-09-17T04:27:08.135+0000] {dag.py:3089} INFO - Sync 1 DAGs
[2024-09-17T04:27:08.185+0000] {logging_mixin.py:188} INFO - [2024-09-17T04:27:08.185+0000] {dag.py:3947} INFO - Setting next_dagrun for postgres_to_bigquery to 2024-09-17 00:00:00+00:00, run_after=2024-09-18 00:00:00+00:00
[2024-09-17T04:27:08.222+0000] {processor.py:183} INFO - Processing /opt/airflow/dags/postgres_to_bigquery_dag.py took 1.892 seconds
[2024-09-17T04:27:38.782+0000] {processor.py:161} INFO - Started process (PID=13643) to work on /opt/airflow/dags/postgres_to_bigquery_dag.py
[2024-09-17T04:27:38.785+0000] {processor.py:830} INFO - Processing file /opt/airflow/dags/postgres_to_bigquery_dag.py for tasks to queue
[2024-09-17T04:27:38.789+0000] {logging_mixin.py:188} INFO - [2024-09-17T04:27:38.788+0000] {dagbag.py:545} INFO - Filling up the DagBag from /opt/airflow/dags/postgres_to_bigquery_dag.py
[2024-09-17T04:27:40.455+0000] {processor.py:840} INFO - DAG(s) 'postgres_to_bigquery' retrieved from /opt/airflow/dags/postgres_to_bigquery_dag.py
[2024-09-17T04:27:40.497+0000] {logging_mixin.py:188} INFO - [2024-09-17T04:27:40.494+0000] {dag.py:3089} INFO - Sync 1 DAGs
[2024-09-17T04:27:40.536+0000] {logging_mixin.py:188} INFO - [2024-09-17T04:27:40.536+0000] {dag.py:3947} INFO - Setting next_dagrun for postgres_to_bigquery to 2024-09-17 00:00:00+00:00, run_after=2024-09-18 00:00:00+00:00
[2024-09-17T04:27:50.019+0000] {processor.py:186} ERROR - Got an exception! Propagating...
Traceback (most recent call last):
  File "/home/airflow/.local/lib/python3.12/site-packages/sqlalchemy/engine/base.py", line 1094, in _commit_impl
    self.engine.dialect.do_commit(self.connection)
  File "/home/airflow/.local/lib/python3.12/site-packages/sqlalchemy/engine/default.py", line 686, in do_commit
    dbapi_connection.commit()
psycopg2.OperationalError: server closed the connection unexpectedly
	This probably means the server terminated abnormally
	before or while processing the request.


The above exception was the direct cause of the following exception:

Traceback (most recent call last):
  File "/home/airflow/.local/lib/python3.12/site-packages/airflow/dag_processing/processor.py", line 182, in _run_file_processor
    _handle_dag_file_processing()
  File "/home/airflow/.local/lib/python3.12/site-packages/airflow/dag_processing/processor.py", line 163, in _handle_dag_file_processing
    result: tuple[int, int] = dag_file_processor.process_file(
                              ^^^^^^^^^^^^^^^^^^^^^^^^^^^^^^^^
  File "/home/airflow/.local/lib/python3.12/site-packages/airflow/utils/session.py", line 79, in wrapper
    return func(*args, session=session, **kwargs)
           ^^^^^^^^^^^^^^^^^^^^^^^^^^^^^^^^^^^^^^
  File "/home/airflow/.local/lib/python3.12/site-packages/airflow/dag_processing/processor.py", line 859, in process_file
    serialize_errors = DagFileProcessor.save_dag_to_db(
                       ^^^^^^^^^^^^^^^^^^^^^^^^^^^^^^^^
  File "/home/airflow/.local/lib/python3.12/site-packages/airflow/api_internal/internal_api_call.py", line 115, in wrapper
    return func(*args, **kwargs)
           ^^^^^^^^^^^^^^^^^^^^^
  File "/home/airflow/.local/lib/python3.12/site-packages/airflow/utils/session.py", line 79, in wrapper
    return func(*args, session=session, **kwargs)
           ^^^^^^^^^^^^^^^^^^^^^^^^^^^^^^^^^^^^^^
  File "/home/airflow/.local/lib/python3.12/site-packages/airflow/dag_processing/processor.py", line 896, in save_dag_to_db
    session.commit()
  File "/home/airflow/.local/lib/python3.12/site-packages/sqlalchemy/orm/session.py", line 1454, in commit
    self._transaction.commit(_to_root=self.future)
  File "/home/airflow/.local/lib/python3.12/site-packages/sqlalchemy/orm/session.py", line 839, in commit
    trans.commit()
  File "/home/airflow/.local/lib/python3.12/site-packages/sqlalchemy/engine/base.py", line 2469, in commit
    self._do_commit()
  File "/home/airflow/.local/lib/python3.12/site-packages/sqlalchemy/engine/base.py", line 2659, in _do_commit
    self._connection_commit_impl()
  File "/home/airflow/.local/lib/python3.12/site-packages/sqlalchemy/engine/base.py", line 2630, in _connection_commit_impl
    self.connection._commit_impl()
  File "/home/airflow/.local/lib/python3.12/site-packages/sqlalchemy/engine/base.py", line 1096, in _commit_impl
    self._handle_dbapi_exception(e, None, None, None, None)
  File "/home/airflow/.local/lib/python3.12/site-packages/sqlalchemy/engine/base.py", line 2134, in _handle_dbapi_exception
    util.raise_(
  File "/home/airflow/.local/lib/python3.12/site-packages/sqlalchemy/util/compat.py", line 211, in raise_
    raise exception
  File "/home/airflow/.local/lib/python3.12/site-packages/sqlalchemy/engine/base.py", line 1094, in _commit_impl
    self.engine.dialect.do_commit(self.connection)
  File "/home/airflow/.local/lib/python3.12/site-packages/sqlalchemy/engine/default.py", line 686, in do_commit
    dbapi_connection.commit()
sqlalchemy.exc.OperationalError: (psycopg2.OperationalError) server closed the connection unexpectedly
	This probably means the server terminated abnormally
	before or while processing the request.

(Background on this error at: https://sqlalche.me/e/14/e3q8)
[2024-09-17T08:33:42.214+0000] {processor.py:161} INFO - Started process (PID=168) to work on /opt/airflow/dags/postgres_to_bigquery_dag.py
[2024-09-17T08:33:42.217+0000] {processor.py:830} INFO - Processing file /opt/airflow/dags/postgres_to_bigquery_dag.py for tasks to queue
[2024-09-17T08:33:42.225+0000] {logging_mixin.py:188} INFO - [2024-09-17T08:33:42.224+0000] {dagbag.py:545} INFO - Filling up the DagBag from /opt/airflow/dags/postgres_to_bigquery_dag.py
[2024-09-17T08:33:45.482+0000] {processor.py:840} INFO - DAG(s) 'postgres_to_bigquery' retrieved from /opt/airflow/dags/postgres_to_bigquery_dag.py
[2024-09-17T08:33:45.606+0000] {logging_mixin.py:188} INFO - [2024-09-17T08:33:45.605+0000] {dag.py:3089} INFO - Sync 1 DAGs
[2024-09-17T08:33:45.691+0000] {logging_mixin.py:188} INFO - [2024-09-17T08:33:45.690+0000] {dag.py:3947} INFO - Setting next_dagrun for postgres_to_bigquery to 2024-09-17 00:00:00+00:00, run_after=2024-09-18 00:00:00+00:00
[2024-09-17T08:33:45.751+0000] {processor.py:183} INFO - Processing /opt/airflow/dags/postgres_to_bigquery_dag.py took 3.556 seconds
[2024-09-17T08:34:16.378+0000] {processor.py:161} INFO - Started process (PID=194) to work on /opt/airflow/dags/postgres_to_bigquery_dag.py
[2024-09-17T08:34:16.380+0000] {processor.py:830} INFO - Processing file /opt/airflow/dags/postgres_to_bigquery_dag.py for tasks to queue
[2024-09-17T08:34:16.383+0000] {logging_mixin.py:188} INFO - [2024-09-17T08:34:16.382+0000] {dagbag.py:545} INFO - Filling up the DagBag from /opt/airflow/dags/postgres_to_bigquery_dag.py
[2024-09-17T08:34:17.390+0000] {processor.py:840} INFO - DAG(s) 'postgres_to_bigquery' retrieved from /opt/airflow/dags/postgres_to_bigquery_dag.py
[2024-09-17T08:34:17.429+0000] {logging_mixin.py:188} INFO - [2024-09-17T08:34:17.427+0000] {dag.py:3089} INFO - Sync 1 DAGs
[2024-09-17T08:34:17.461+0000] {logging_mixin.py:188} INFO - [2024-09-17T08:34:17.461+0000] {dag.py:3947} INFO - Setting next_dagrun for postgres_to_bigquery to 2024-09-17 00:00:00+00:00, run_after=2024-09-18 00:00:00+00:00
[2024-09-17T08:34:17.502+0000] {processor.py:183} INFO - Processing /opt/airflow/dags/postgres_to_bigquery_dag.py took 1.132 seconds
[2024-09-17T08:34:47.610+0000] {processor.py:161} INFO - Started process (PID=212) to work on /opt/airflow/dags/postgres_to_bigquery_dag.py
[2024-09-17T08:34:47.611+0000] {processor.py:830} INFO - Processing file /opt/airflow/dags/postgres_to_bigquery_dag.py for tasks to queue
[2024-09-17T08:34:47.615+0000] {logging_mixin.py:188} INFO - [2024-09-17T08:34:47.614+0000] {dagbag.py:545} INFO - Filling up the DagBag from /opt/airflow/dags/postgres_to_bigquery_dag.py
[2024-09-17T08:34:48.725+0000] {processor.py:840} INFO - DAG(s) 'postgres_to_bigquery' retrieved from /opt/airflow/dags/postgres_to_bigquery_dag.py
[2024-09-17T08:34:48.762+0000] {logging_mixin.py:188} INFO - [2024-09-17T08:34:48.761+0000] {dag.py:3089} INFO - Sync 1 DAGs
[2024-09-17T08:34:48.795+0000] {logging_mixin.py:188} INFO - [2024-09-17T08:34:48.795+0000] {dag.py:3947} INFO - Setting next_dagrun for postgres_to_bigquery to 2024-09-17 00:00:00+00:00, run_after=2024-09-18 00:00:00+00:00
[2024-09-17T08:34:48.833+0000] {processor.py:183} INFO - Processing /opt/airflow/dags/postgres_to_bigquery_dag.py took 1.234 seconds
[2024-09-17T08:35:19.057+0000] {processor.py:161} INFO - Started process (PID=230) to work on /opt/airflow/dags/postgres_to_bigquery_dag.py
[2024-09-17T08:35:19.059+0000] {processor.py:830} INFO - Processing file /opt/airflow/dags/postgres_to_bigquery_dag.py for tasks to queue
[2024-09-17T08:35:19.064+0000] {logging_mixin.py:188} INFO - [2024-09-17T08:35:19.063+0000] {dagbag.py:545} INFO - Filling up the DagBag from /opt/airflow/dags/postgres_to_bigquery_dag.py
[2024-09-17T08:35:20.352+0000] {processor.py:840} INFO - DAG(s) 'postgres_to_bigquery' retrieved from /opt/airflow/dags/postgres_to_bigquery_dag.py
[2024-09-17T08:35:20.403+0000] {logging_mixin.py:188} INFO - [2024-09-17T08:35:20.402+0000] {dag.py:3089} INFO - Sync 1 DAGs
[2024-09-17T08:35:20.445+0000] {logging_mixin.py:188} INFO - [2024-09-17T08:35:20.444+0000] {dag.py:3947} INFO - Setting next_dagrun for postgres_to_bigquery to 2024-09-17 00:00:00+00:00, run_after=2024-09-18 00:00:00+00:00
[2024-09-17T08:35:20.497+0000] {processor.py:183} INFO - Processing /opt/airflow/dags/postgres_to_bigquery_dag.py took 1.455 seconds
[2024-09-17T08:35:50.983+0000] {processor.py:161} INFO - Started process (PID=248) to work on /opt/airflow/dags/postgres_to_bigquery_dag.py
[2024-09-17T08:35:50.985+0000] {processor.py:830} INFO - Processing file /opt/airflow/dags/postgres_to_bigquery_dag.py for tasks to queue
[2024-09-17T08:35:50.988+0000] {logging_mixin.py:188} INFO - [2024-09-17T08:35:50.988+0000] {dagbag.py:545} INFO - Filling up the DagBag from /opt/airflow/dags/postgres_to_bigquery_dag.py
[2024-09-17T08:35:52.206+0000] {processor.py:840} INFO - DAG(s) 'postgres_to_bigquery' retrieved from /opt/airflow/dags/postgres_to_bigquery_dag.py
[2024-09-17T08:35:52.253+0000] {logging_mixin.py:188} INFO - [2024-09-17T08:35:52.252+0000] {dag.py:3089} INFO - Sync 1 DAGs
[2024-09-17T08:35:52.296+0000] {logging_mixin.py:188} INFO - [2024-09-17T08:35:52.296+0000] {dag.py:3947} INFO - Setting next_dagrun for postgres_to_bigquery to 2024-09-17 00:00:00+00:00, run_after=2024-09-18 00:00:00+00:00
[2024-09-17T08:35:52.344+0000] {processor.py:183} INFO - Processing /opt/airflow/dags/postgres_to_bigquery_dag.py took 1.372 seconds
[2024-09-17T08:36:22.710+0000] {processor.py:161} INFO - Started process (PID=266) to work on /opt/airflow/dags/postgres_to_bigquery_dag.py
[2024-09-17T08:36:22.711+0000] {processor.py:830} INFO - Processing file /opt/airflow/dags/postgres_to_bigquery_dag.py for tasks to queue
[2024-09-17T08:36:22.714+0000] {logging_mixin.py:188} INFO - [2024-09-17T08:36:22.714+0000] {dagbag.py:545} INFO - Filling up the DagBag from /opt/airflow/dags/postgres_to_bigquery_dag.py
[2024-09-17T08:36:23.696+0000] {processor.py:840} INFO - DAG(s) 'postgres_to_bigquery' retrieved from /opt/airflow/dags/postgres_to_bigquery_dag.py
[2024-09-17T08:36:23.733+0000] {logging_mixin.py:188} INFO - [2024-09-17T08:36:23.733+0000] {dag.py:3089} INFO - Sync 1 DAGs
[2024-09-17T08:36:23.765+0000] {logging_mixin.py:188} INFO - [2024-09-17T08:36:23.765+0000] {dag.py:3947} INFO - Setting next_dagrun for postgres_to_bigquery to 2024-09-17 00:00:00+00:00, run_after=2024-09-18 00:00:00+00:00
[2024-09-17T08:36:23.805+0000] {processor.py:183} INFO - Processing /opt/airflow/dags/postgres_to_bigquery_dag.py took 1.104 seconds
[2024-09-17T08:36:54.175+0000] {processor.py:161} INFO - Started process (PID=284) to work on /opt/airflow/dags/postgres_to_bigquery_dag.py
[2024-09-17T08:36:54.177+0000] {processor.py:830} INFO - Processing file /opt/airflow/dags/postgres_to_bigquery_dag.py for tasks to queue
[2024-09-17T08:36:54.180+0000] {logging_mixin.py:188} INFO - [2024-09-17T08:36:54.179+0000] {dagbag.py:545} INFO - Filling up the DagBag from /opt/airflow/dags/postgres_to_bigquery_dag.py
[2024-09-17T08:36:55.154+0000] {processor.py:840} INFO - DAG(s) 'postgres_to_bigquery' retrieved from /opt/airflow/dags/postgres_to_bigquery_dag.py
[2024-09-17T08:36:55.190+0000] {logging_mixin.py:188} INFO - [2024-09-17T08:36:55.189+0000] {dag.py:3089} INFO - Sync 1 DAGs
[2024-09-17T08:36:55.225+0000] {logging_mixin.py:188} INFO - [2024-09-17T08:36:55.224+0000] {dag.py:3947} INFO - Setting next_dagrun for postgres_to_bigquery to 2024-09-17 00:00:00+00:00, run_after=2024-09-18 00:00:00+00:00
[2024-09-17T08:36:55.263+0000] {processor.py:183} INFO - Processing /opt/airflow/dags/postgres_to_bigquery_dag.py took 1.099 seconds
[2024-09-17T08:37:25.649+0000] {processor.py:161} INFO - Started process (PID=302) to work on /opt/airflow/dags/postgres_to_bigquery_dag.py
[2024-09-17T08:37:25.650+0000] {processor.py:830} INFO - Processing file /opt/airflow/dags/postgres_to_bigquery_dag.py for tasks to queue
[2024-09-17T08:37:25.653+0000] {logging_mixin.py:188} INFO - [2024-09-17T08:37:25.653+0000] {dagbag.py:545} INFO - Filling up the DagBag from /opt/airflow/dags/postgres_to_bigquery_dag.py
[2024-09-17T08:37:26.725+0000] {processor.py:840} INFO - DAG(s) 'postgres_to_bigquery' retrieved from /opt/airflow/dags/postgres_to_bigquery_dag.py
[2024-09-17T08:37:26.762+0000] {logging_mixin.py:188} INFO - [2024-09-17T08:37:26.761+0000] {dag.py:3089} INFO - Sync 1 DAGs
[2024-09-17T08:37:26.793+0000] {logging_mixin.py:188} INFO - [2024-09-17T08:37:26.792+0000] {dag.py:3947} INFO - Setting next_dagrun for postgres_to_bigquery to 2024-09-17 00:00:00+00:00, run_after=2024-09-18 00:00:00+00:00
[2024-09-17T08:37:26.834+0000] {processor.py:183} INFO - Processing /opt/airflow/dags/postgres_to_bigquery_dag.py took 1.195 seconds
[2024-09-17T08:37:57.805+0000] {processor.py:161} INFO - Started process (PID=326) to work on /opt/airflow/dags/postgres_to_bigquery_dag.py
[2024-09-17T08:37:57.808+0000] {processor.py:830} INFO - Processing file /opt/airflow/dags/postgres_to_bigquery_dag.py for tasks to queue
[2024-09-17T08:37:57.813+0000] {logging_mixin.py:188} INFO - [2024-09-17T08:37:57.812+0000] {dagbag.py:545} INFO - Filling up the DagBag from /opt/airflow/dags/postgres_to_bigquery_dag.py
[2024-09-17T08:38:04.672+0000] {processor.py:840} INFO - DAG(s) 'postgres_to_bigquery' retrieved from /opt/airflow/dags/postgres_to_bigquery_dag.py
[2024-09-17T08:38:04.885+0000] {logging_mixin.py:188} INFO - [2024-09-17T08:38:04.884+0000] {dag.py:3089} INFO - Sync 1 DAGs
[2024-09-17T08:38:05.048+0000] {logging_mixin.py:188} INFO - [2024-09-17T08:38:05.047+0000] {dag.py:3947} INFO - Setting next_dagrun for postgres_to_bigquery to 2024-09-17 00:00:00+00:00, run_after=2024-09-18 00:00:00+00:00
[2024-09-17T08:38:05.186+0000] {processor.py:183} INFO - Processing /opt/airflow/dags/postgres_to_bigquery_dag.py took 7.398 seconds
[2024-09-17T08:38:35.420+0000] {processor.py:161} INFO - Started process (PID=344) to work on /opt/airflow/dags/postgres_to_bigquery_dag.py
[2024-09-17T08:38:35.422+0000] {processor.py:830} INFO - Processing file /opt/airflow/dags/postgres_to_bigquery_dag.py for tasks to queue
[2024-09-17T08:38:35.425+0000] {logging_mixin.py:188} INFO - [2024-09-17T08:38:35.425+0000] {dagbag.py:545} INFO - Filling up the DagBag from /opt/airflow/dags/postgres_to_bigquery_dag.py
[2024-09-17T08:38:38.562+0000] {processor.py:840} INFO - DAG(s) 'postgres_to_bigquery' retrieved from /opt/airflow/dags/postgres_to_bigquery_dag.py
[2024-09-17T08:38:38.708+0000] {logging_mixin.py:188} INFO - [2024-09-17T08:38:38.707+0000] {dag.py:3089} INFO - Sync 1 DAGs
[2024-09-17T08:38:38.822+0000] {logging_mixin.py:188} INFO - [2024-09-17T08:38:38.821+0000] {dag.py:3947} INFO - Setting next_dagrun for postgres_to_bigquery to 2024-09-17 00:00:00+00:00, run_after=2024-09-18 00:00:00+00:00
[2024-09-17T08:38:38.924+0000] {processor.py:183} INFO - Processing /opt/airflow/dags/postgres_to_bigquery_dag.py took 3.515 seconds
[2024-09-17T08:39:09.227+0000] {processor.py:161} INFO - Started process (PID=361) to work on /opt/airflow/dags/postgres_to_bigquery_dag.py
[2024-09-17T08:39:09.231+0000] {processor.py:830} INFO - Processing file /opt/airflow/dags/postgres_to_bigquery_dag.py for tasks to queue
[2024-09-17T08:39:09.234+0000] {logging_mixin.py:188} INFO - [2024-09-17T08:39:09.233+0000] {dagbag.py:545} INFO - Filling up the DagBag from /opt/airflow/dags/postgres_to_bigquery_dag.py
[2024-09-17T08:39:10.445+0000] {processor.py:840} INFO - DAG(s) 'postgres_to_bigquery' retrieved from /opt/airflow/dags/postgres_to_bigquery_dag.py
[2024-09-17T08:39:10.493+0000] {logging_mixin.py:188} INFO - [2024-09-17T08:39:10.492+0000] {dag.py:3089} INFO - Sync 1 DAGs
[2024-09-17T08:39:10.533+0000] {logging_mixin.py:188} INFO - [2024-09-17T08:39:10.533+0000] {dag.py:3947} INFO - Setting next_dagrun for postgres_to_bigquery to 2024-09-17 00:00:00+00:00, run_after=2024-09-18 00:00:00+00:00
[2024-09-17T08:39:10.565+0000] {processor.py:183} INFO - Processing /opt/airflow/dags/postgres_to_bigquery_dag.py took 1.350 seconds
[2024-09-17T08:39:41.098+0000] {processor.py:161} INFO - Started process (PID=378) to work on /opt/airflow/dags/postgres_to_bigquery_dag.py
[2024-09-17T08:39:41.100+0000] {processor.py:830} INFO - Processing file /opt/airflow/dags/postgres_to_bigquery_dag.py for tasks to queue
[2024-09-17T08:39:41.104+0000] {logging_mixin.py:188} INFO - [2024-09-17T08:39:41.103+0000] {dagbag.py:545} INFO - Filling up the DagBag from /opt/airflow/dags/postgres_to_bigquery_dag.py
[2024-09-17T08:39:42.184+0000] {processor.py:840} INFO - DAG(s) 'postgres_to_bigquery' retrieved from /opt/airflow/dags/postgres_to_bigquery_dag.py
[2024-09-17T08:39:42.233+0000] {logging_mixin.py:188} INFO - [2024-09-17T08:39:42.232+0000] {dag.py:3089} INFO - Sync 1 DAGs
[2024-09-17T08:39:42.268+0000] {logging_mixin.py:188} INFO - [2024-09-17T08:39:42.268+0000] {dag.py:3947} INFO - Setting next_dagrun for postgres_to_bigquery to 2024-09-17 00:00:00+00:00, run_after=2024-09-18 00:00:00+00:00
[2024-09-17T08:39:42.300+0000] {processor.py:183} INFO - Processing /opt/airflow/dags/postgres_to_bigquery_dag.py took 1.214 seconds
[2024-09-17T08:40:12.500+0000] {processor.py:161} INFO - Started process (PID=397) to work on /opt/airflow/dags/postgres_to_bigquery_dag.py
[2024-09-17T08:40:12.501+0000] {processor.py:830} INFO - Processing file /opt/airflow/dags/postgres_to_bigquery_dag.py for tasks to queue
[2024-09-17T08:40:12.504+0000] {logging_mixin.py:188} INFO - [2024-09-17T08:40:12.504+0000] {dagbag.py:545} INFO - Filling up the DagBag from /opt/airflow/dags/postgres_to_bigquery_dag.py
[2024-09-17T08:40:13.667+0000] {processor.py:840} INFO - DAG(s) 'postgres_to_bigquery' retrieved from /opt/airflow/dags/postgres_to_bigquery_dag.py
[2024-09-17T08:40:13.731+0000] {logging_mixin.py:188} INFO - [2024-09-17T08:40:13.730+0000] {dag.py:3089} INFO - Sync 1 DAGs
[2024-09-17T08:40:13.801+0000] {logging_mixin.py:188} INFO - [2024-09-17T08:40:13.800+0000] {dag.py:3947} INFO - Setting next_dagrun for postgres_to_bigquery to 2024-09-17 00:00:00+00:00, run_after=2024-09-18 00:00:00+00:00
[2024-09-17T08:40:13.847+0000] {processor.py:183} INFO - Processing /opt/airflow/dags/postgres_to_bigquery_dag.py took 1.359 seconds
[2024-09-17T08:40:44.044+0000] {processor.py:161} INFO - Started process (PID=415) to work on /opt/airflow/dags/postgres_to_bigquery_dag.py
[2024-09-17T08:40:44.046+0000] {processor.py:830} INFO - Processing file /opt/airflow/dags/postgres_to_bigquery_dag.py for tasks to queue
[2024-09-17T08:40:44.050+0000] {logging_mixin.py:188} INFO - [2024-09-17T08:40:44.049+0000] {dagbag.py:545} INFO - Filling up the DagBag from /opt/airflow/dags/postgres_to_bigquery_dag.py
[2024-09-17T08:40:45.482+0000] {processor.py:840} INFO - DAG(s) 'postgres_to_bigquery' retrieved from /opt/airflow/dags/postgres_to_bigquery_dag.py
[2024-09-17T08:40:45.532+0000] {logging_mixin.py:188} INFO - [2024-09-17T08:40:45.530+0000] {dag.py:3089} INFO - Sync 1 DAGs
[2024-09-17T08:40:45.577+0000] {logging_mixin.py:188} INFO - [2024-09-17T08:40:45.577+0000] {dag.py:3947} INFO - Setting next_dagrun for postgres_to_bigquery to 2024-09-17 00:00:00+00:00, run_after=2024-09-18 00:00:00+00:00
[2024-09-17T08:40:45.617+0000] {processor.py:183} INFO - Processing /opt/airflow/dags/postgres_to_bigquery_dag.py took 1.588 seconds
[2024-09-17T08:41:15.874+0000] {processor.py:161} INFO - Started process (PID=433) to work on /opt/airflow/dags/postgres_to_bigquery_dag.py
[2024-09-17T08:41:15.876+0000] {processor.py:830} INFO - Processing file /opt/airflow/dags/postgres_to_bigquery_dag.py for tasks to queue
[2024-09-17T08:41:15.879+0000] {logging_mixin.py:188} INFO - [2024-09-17T08:41:15.878+0000] {dagbag.py:545} INFO - Filling up the DagBag from /opt/airflow/dags/postgres_to_bigquery_dag.py
[2024-09-17T08:41:17.272+0000] {processor.py:840} INFO - DAG(s) 'postgres_to_bigquery' retrieved from /opt/airflow/dags/postgres_to_bigquery_dag.py
[2024-09-17T08:41:17.320+0000] {logging_mixin.py:188} INFO - [2024-09-17T08:41:17.319+0000] {dag.py:3089} INFO - Sync 1 DAGs
[2024-09-17T08:41:17.357+0000] {logging_mixin.py:188} INFO - [2024-09-17T08:41:17.357+0000] {dag.py:3947} INFO - Setting next_dagrun for postgres_to_bigquery to 2024-09-17 00:00:00+00:00, run_after=2024-09-18 00:00:00+00:00
[2024-09-17T08:41:17.411+0000] {processor.py:183} INFO - Processing /opt/airflow/dags/postgres_to_bigquery_dag.py took 1.549 seconds
[2024-09-17T08:41:47.843+0000] {processor.py:161} INFO - Started process (PID=451) to work on /opt/airflow/dags/postgres_to_bigquery_dag.py
[2024-09-17T08:41:47.845+0000] {processor.py:830} INFO - Processing file /opt/airflow/dags/postgres_to_bigquery_dag.py for tasks to queue
[2024-09-17T08:41:47.848+0000] {logging_mixin.py:188} INFO - [2024-09-17T08:41:47.848+0000] {dagbag.py:545} INFO - Filling up the DagBag from /opt/airflow/dags/postgres_to_bigquery_dag.py
[2024-09-17T08:41:48.928+0000] {processor.py:840} INFO - DAG(s) 'postgres_to_bigquery' retrieved from /opt/airflow/dags/postgres_to_bigquery_dag.py
[2024-09-17T08:41:48.971+0000] {logging_mixin.py:188} INFO - [2024-09-17T08:41:48.970+0000] {dag.py:3089} INFO - Sync 1 DAGs
[2024-09-17T08:41:49.007+0000] {logging_mixin.py:188} INFO - [2024-09-17T08:41:49.007+0000] {dag.py:3947} INFO - Setting next_dagrun for postgres_to_bigquery to 2024-09-17 00:00:00+00:00, run_after=2024-09-18 00:00:00+00:00
[2024-09-17T08:41:49.046+0000] {processor.py:183} INFO - Processing /opt/airflow/dags/postgres_to_bigquery_dag.py took 1.212 seconds
[2024-09-17T08:42:19.211+0000] {processor.py:161} INFO - Started process (PID=469) to work on /opt/airflow/dags/postgres_to_bigquery_dag.py
[2024-09-17T08:42:19.213+0000] {processor.py:830} INFO - Processing file /opt/airflow/dags/postgres_to_bigquery_dag.py for tasks to queue
[2024-09-17T08:42:19.217+0000] {logging_mixin.py:188} INFO - [2024-09-17T08:42:19.216+0000] {dagbag.py:545} INFO - Filling up the DagBag from /opt/airflow/dags/postgres_to_bigquery_dag.py
[2024-09-17T08:42:20.380+0000] {processor.py:840} INFO - DAG(s) 'postgres_to_bigquery' retrieved from /opt/airflow/dags/postgres_to_bigquery_dag.py
[2024-09-17T08:42:20.418+0000] {logging_mixin.py:188} INFO - [2024-09-17T08:42:20.417+0000] {dag.py:3089} INFO - Sync 1 DAGs
[2024-09-17T08:42:20.455+0000] {logging_mixin.py:188} INFO - [2024-09-17T08:42:20.455+0000] {dag.py:3947} INFO - Setting next_dagrun for postgres_to_bigquery to 2024-09-17 00:00:00+00:00, run_after=2024-09-18 00:00:00+00:00
[2024-09-17T08:42:20.493+0000] {processor.py:183} INFO - Processing /opt/airflow/dags/postgres_to_bigquery_dag.py took 1.297 seconds
[2024-09-17T08:42:50.646+0000] {processor.py:161} INFO - Started process (PID=487) to work on /opt/airflow/dags/postgres_to_bigquery_dag.py
[2024-09-17T08:42:50.647+0000] {processor.py:830} INFO - Processing file /opt/airflow/dags/postgres_to_bigquery_dag.py for tasks to queue
[2024-09-17T08:42:50.651+0000] {logging_mixin.py:188} INFO - [2024-09-17T08:42:50.650+0000] {dagbag.py:545} INFO - Filling up the DagBag from /opt/airflow/dags/postgres_to_bigquery_dag.py
[2024-09-17T08:42:51.741+0000] {processor.py:840} INFO - DAG(s) 'postgres_to_bigquery' retrieved from /opt/airflow/dags/postgres_to_bigquery_dag.py
[2024-09-17T08:42:51.778+0000] {logging_mixin.py:188} INFO - [2024-09-17T08:42:51.776+0000] {dag.py:3089} INFO - Sync 1 DAGs
[2024-09-17T08:42:51.810+0000] {logging_mixin.py:188} INFO - [2024-09-17T08:42:51.810+0000] {dag.py:3947} INFO - Setting next_dagrun for postgres_to_bigquery to 2024-09-17 00:00:00+00:00, run_after=2024-09-18 00:00:00+00:00
[2024-09-17T08:42:51.853+0000] {processor.py:183} INFO - Processing /opt/airflow/dags/postgres_to_bigquery_dag.py took 1.217 seconds
[2024-09-17T08:43:22.053+0000] {processor.py:161} INFO - Started process (PID=505) to work on /opt/airflow/dags/postgres_to_bigquery_dag.py
[2024-09-17T08:43:22.056+0000] {processor.py:830} INFO - Processing file /opt/airflow/dags/postgres_to_bigquery_dag.py for tasks to queue
[2024-09-17T08:43:22.083+0000] {logging_mixin.py:188} INFO - [2024-09-17T08:43:22.082+0000] {dagbag.py:545} INFO - Filling up the DagBag from /opt/airflow/dags/postgres_to_bigquery_dag.py
[2024-09-17T08:43:23.828+0000] {processor.py:840} INFO - DAG(s) 'postgres_to_bigquery' retrieved from /opt/airflow/dags/postgres_to_bigquery_dag.py
[2024-09-17T08:43:23.901+0000] {logging_mixin.py:188} INFO - [2024-09-17T08:43:23.900+0000] {dag.py:3089} INFO - Sync 1 DAGs
[2024-09-17T08:43:23.958+0000] {logging_mixin.py:188} INFO - [2024-09-17T08:43:23.957+0000] {dag.py:3947} INFO - Setting next_dagrun for postgres_to_bigquery to 2024-09-17 00:00:00+00:00, run_after=2024-09-18 00:00:00+00:00
[2024-09-17T08:43:24.004+0000] {processor.py:183} INFO - Processing /opt/airflow/dags/postgres_to_bigquery_dag.py took 1.970 seconds
[2024-09-17T08:43:54.755+0000] {processor.py:161} INFO - Started process (PID=523) to work on /opt/airflow/dags/postgres_to_bigquery_dag.py
[2024-09-17T08:43:54.757+0000] {processor.py:830} INFO - Processing file /opt/airflow/dags/postgres_to_bigquery_dag.py for tasks to queue
[2024-09-17T08:43:54.759+0000] {logging_mixin.py:188} INFO - [2024-09-17T08:43:54.759+0000] {dagbag.py:545} INFO - Filling up the DagBag from /opt/airflow/dags/postgres_to_bigquery_dag.py
[2024-09-17T08:43:55.855+0000] {processor.py:840} INFO - DAG(s) 'postgres_to_bigquery' retrieved from /opt/airflow/dags/postgres_to_bigquery_dag.py
[2024-09-17T08:43:55.893+0000] {logging_mixin.py:188} INFO - [2024-09-17T08:43:55.892+0000] {dag.py:3089} INFO - Sync 1 DAGs
[2024-09-17T08:43:55.924+0000] {logging_mixin.py:188} INFO - [2024-09-17T08:43:55.924+0000] {dag.py:3947} INFO - Setting next_dagrun for postgres_to_bigquery to 2024-09-17 00:00:00+00:00, run_after=2024-09-18 00:00:00+00:00
[2024-09-17T08:43:55.969+0000] {processor.py:183} INFO - Processing /opt/airflow/dags/postgres_to_bigquery_dag.py took 1.221 seconds
[2024-09-17T08:44:26.422+0000] {processor.py:161} INFO - Started process (PID=541) to work on /opt/airflow/dags/postgres_to_bigquery_dag.py
[2024-09-17T08:44:26.423+0000] {processor.py:830} INFO - Processing file /opt/airflow/dags/postgres_to_bigquery_dag.py for tasks to queue
[2024-09-17T08:44:26.426+0000] {logging_mixin.py:188} INFO - [2024-09-17T08:44:26.426+0000] {dagbag.py:545} INFO - Filling up the DagBag from /opt/airflow/dags/postgres_to_bigquery_dag.py
[2024-09-17T08:44:27.474+0000] {processor.py:840} INFO - DAG(s) 'postgres_to_bigquery' retrieved from /opt/airflow/dags/postgres_to_bigquery_dag.py
[2024-09-17T08:44:27.509+0000] {logging_mixin.py:188} INFO - [2024-09-17T08:44:27.508+0000] {dag.py:3089} INFO - Sync 1 DAGs
[2024-09-17T08:44:27.542+0000] {logging_mixin.py:188} INFO - [2024-09-17T08:44:27.541+0000] {dag.py:3947} INFO - Setting next_dagrun for postgres_to_bigquery to 2024-09-17 00:00:00+00:00, run_after=2024-09-18 00:00:00+00:00
[2024-09-17T08:44:27.586+0000] {processor.py:183} INFO - Processing /opt/airflow/dags/postgres_to_bigquery_dag.py took 1.172 seconds
[2024-09-17T08:44:57.877+0000] {processor.py:161} INFO - Started process (PID=559) to work on /opt/airflow/dags/postgres_to_bigquery_dag.py
[2024-09-17T08:44:57.879+0000] {processor.py:830} INFO - Processing file /opt/airflow/dags/postgres_to_bigquery_dag.py for tasks to queue
[2024-09-17T08:44:57.882+0000] {logging_mixin.py:188} INFO - [2024-09-17T08:44:57.882+0000] {dagbag.py:545} INFO - Filling up the DagBag from /opt/airflow/dags/postgres_to_bigquery_dag.py
[2024-09-17T08:44:59.445+0000] {processor.py:840} INFO - DAG(s) 'postgres_to_bigquery' retrieved from /opt/airflow/dags/postgres_to_bigquery_dag.py
[2024-09-17T08:44:59.493+0000] {logging_mixin.py:188} INFO - [2024-09-17T08:44:59.490+0000] {dag.py:3089} INFO - Sync 1 DAGs
[2024-09-17T08:44:59.534+0000] {logging_mixin.py:188} INFO - [2024-09-17T08:44:59.534+0000] {dag.py:3947} INFO - Setting next_dagrun for postgres_to_bigquery to 2024-09-17 00:00:00+00:00, run_after=2024-09-18 00:00:00+00:00
[2024-09-17T08:44:59.579+0000] {processor.py:183} INFO - Processing /opt/airflow/dags/postgres_to_bigquery_dag.py took 1.714 seconds
[2024-09-17T08:45:29.730+0000] {processor.py:161} INFO - Started process (PID=583) to work on /opt/airflow/dags/postgres_to_bigquery_dag.py
[2024-09-17T08:45:29.731+0000] {processor.py:830} INFO - Processing file /opt/airflow/dags/postgres_to_bigquery_dag.py for tasks to queue
[2024-09-17T08:45:29.736+0000] {logging_mixin.py:188} INFO - [2024-09-17T08:45:29.735+0000] {dagbag.py:545} INFO - Filling up the DagBag from /opt/airflow/dags/postgres_to_bigquery_dag.py
[2024-09-17T08:45:31.040+0000] {processor.py:840} INFO - DAG(s) 'postgres_to_bigquery' retrieved from /opt/airflow/dags/postgres_to_bigquery_dag.py
[2024-09-17T08:45:31.086+0000] {logging_mixin.py:188} INFO - [2024-09-17T08:45:31.084+0000] {dag.py:3089} INFO - Sync 1 DAGs
[2024-09-17T08:45:31.124+0000] {logging_mixin.py:188} INFO - [2024-09-17T08:45:31.124+0000] {dag.py:3947} INFO - Setting next_dagrun for postgres_to_bigquery to 2024-09-17 00:00:00+00:00, run_after=2024-09-18 00:00:00+00:00
[2024-09-17T08:45:31.166+0000] {processor.py:183} INFO - Processing /opt/airflow/dags/postgres_to_bigquery_dag.py took 1.448 seconds
[2024-09-17T08:46:01.654+0000] {processor.py:161} INFO - Started process (PID=601) to work on /opt/airflow/dags/postgres_to_bigquery_dag.py
[2024-09-17T08:46:01.656+0000] {processor.py:830} INFO - Processing file /opt/airflow/dags/postgres_to_bigquery_dag.py for tasks to queue
[2024-09-17T08:46:01.659+0000] {logging_mixin.py:188} INFO - [2024-09-17T08:46:01.659+0000] {dagbag.py:545} INFO - Filling up the DagBag from /opt/airflow/dags/postgres_to_bigquery_dag.py
[2024-09-17T08:46:02.673+0000] {processor.py:840} INFO - DAG(s) 'postgres_to_bigquery' retrieved from /opt/airflow/dags/postgres_to_bigquery_dag.py
[2024-09-17T08:46:02.714+0000] {logging_mixin.py:188} INFO - [2024-09-17T08:46:02.712+0000] {dag.py:3089} INFO - Sync 1 DAGs
[2024-09-17T08:46:02.746+0000] {logging_mixin.py:188} INFO - [2024-09-17T08:46:02.746+0000] {dag.py:3947} INFO - Setting next_dagrun for postgres_to_bigquery to 2024-09-17 00:00:00+00:00, run_after=2024-09-18 00:00:00+00:00
[2024-09-17T08:46:02.790+0000] {processor.py:183} INFO - Processing /opt/airflow/dags/postgres_to_bigquery_dag.py took 1.145 seconds
[2024-09-17T08:46:33.038+0000] {processor.py:161} INFO - Started process (PID=619) to work on /opt/airflow/dags/postgres_to_bigquery_dag.py
[2024-09-17T08:46:33.040+0000] {processor.py:830} INFO - Processing file /opt/airflow/dags/postgres_to_bigquery_dag.py for tasks to queue
[2024-09-17T08:46:33.043+0000] {logging_mixin.py:188} INFO - [2024-09-17T08:46:33.042+0000] {dagbag.py:545} INFO - Filling up the DagBag from /opt/airflow/dags/postgres_to_bigquery_dag.py
[2024-09-17T08:46:34.214+0000] {processor.py:840} INFO - DAG(s) 'postgres_to_bigquery' retrieved from /opt/airflow/dags/postgres_to_bigquery_dag.py
[2024-09-17T08:46:34.257+0000] {logging_mixin.py:188} INFO - [2024-09-17T08:46:34.256+0000] {dag.py:3089} INFO - Sync 1 DAGs
[2024-09-17T08:46:34.291+0000] {logging_mixin.py:188} INFO - [2024-09-17T08:46:34.291+0000] {dag.py:3947} INFO - Setting next_dagrun for postgres_to_bigquery to 2024-09-17 00:00:00+00:00, run_after=2024-09-18 00:00:00+00:00
[2024-09-17T08:46:34.330+0000] {processor.py:183} INFO - Processing /opt/airflow/dags/postgres_to_bigquery_dag.py took 1.300 seconds
[2024-09-17T08:47:04.784+0000] {processor.py:161} INFO - Started process (PID=637) to work on /opt/airflow/dags/postgres_to_bigquery_dag.py
[2024-09-17T08:47:04.785+0000] {processor.py:830} INFO - Processing file /opt/airflow/dags/postgres_to_bigquery_dag.py for tasks to queue
[2024-09-17T08:47:04.790+0000] {logging_mixin.py:188} INFO - [2024-09-17T08:47:04.788+0000] {dagbag.py:545} INFO - Filling up the DagBag from /opt/airflow/dags/postgres_to_bigquery_dag.py
[2024-09-17T08:47:05.862+0000] {processor.py:840} INFO - DAG(s) 'postgres_to_bigquery' retrieved from /opt/airflow/dags/postgres_to_bigquery_dag.py
[2024-09-17T08:47:05.921+0000] {logging_mixin.py:188} INFO - [2024-09-17T08:47:05.916+0000] {dag.py:3089} INFO - Sync 1 DAGs
[2024-09-17T08:47:05.971+0000] {logging_mixin.py:188} INFO - [2024-09-17T08:47:05.970+0000] {dag.py:3947} INFO - Setting next_dagrun for postgres_to_bigquery to 2024-09-17 00:00:00+00:00, run_after=2024-09-18 00:00:00+00:00
[2024-09-17T08:47:06.038+0000] {processor.py:183} INFO - Processing /opt/airflow/dags/postgres_to_bigquery_dag.py took 1.263 seconds
[2024-09-17T08:47:36.231+0000] {processor.py:161} INFO - Started process (PID=655) to work on /opt/airflow/dags/postgres_to_bigquery_dag.py
[2024-09-17T08:47:36.232+0000] {processor.py:830} INFO - Processing file /opt/airflow/dags/postgres_to_bigquery_dag.py for tasks to queue
[2024-09-17T08:47:36.236+0000] {logging_mixin.py:188} INFO - [2024-09-17T08:47:36.235+0000] {dagbag.py:545} INFO - Filling up the DagBag from /opt/airflow/dags/postgres_to_bigquery_dag.py
[2024-09-17T08:47:37.424+0000] {processor.py:840} INFO - DAG(s) 'postgres_to_bigquery' retrieved from /opt/airflow/dags/postgres_to_bigquery_dag.py
[2024-09-17T08:47:37.463+0000] {logging_mixin.py:188} INFO - [2024-09-17T08:47:37.462+0000] {dag.py:3089} INFO - Sync 1 DAGs
[2024-09-17T08:47:37.497+0000] {logging_mixin.py:188} INFO - [2024-09-17T08:47:37.497+0000] {dag.py:3947} INFO - Setting next_dagrun for postgres_to_bigquery to 2024-09-17 00:00:00+00:00, run_after=2024-09-18 00:00:00+00:00
[2024-09-17T08:47:37.533+0000] {processor.py:183} INFO - Processing /opt/airflow/dags/postgres_to_bigquery_dag.py took 1.311 seconds
[2024-09-17T08:48:08.059+0000] {processor.py:161} INFO - Started process (PID=673) to work on /opt/airflow/dags/postgres_to_bigquery_dag.py
[2024-09-17T08:48:08.061+0000] {processor.py:830} INFO - Processing file /opt/airflow/dags/postgres_to_bigquery_dag.py for tasks to queue
[2024-09-17T08:48:08.065+0000] {logging_mixin.py:188} INFO - [2024-09-17T08:48:08.064+0000] {dagbag.py:545} INFO - Filling up the DagBag from /opt/airflow/dags/postgres_to_bigquery_dag.py
[2024-09-17T08:48:09.464+0000] {processor.py:840} INFO - DAG(s) 'postgres_to_bigquery' retrieved from /opt/airflow/dags/postgres_to_bigquery_dag.py
[2024-09-17T08:48:09.510+0000] {logging_mixin.py:188} INFO - [2024-09-17T08:48:09.509+0000] {dag.py:3089} INFO - Sync 1 DAGs
[2024-09-17T08:48:09.551+0000] {logging_mixin.py:188} INFO - [2024-09-17T08:48:09.550+0000] {dag.py:3947} INFO - Setting next_dagrun for postgres_to_bigquery to 2024-09-17 00:00:00+00:00, run_after=2024-09-18 00:00:00+00:00
[2024-09-17T08:48:09.602+0000] {processor.py:183} INFO - Processing /opt/airflow/dags/postgres_to_bigquery_dag.py took 1.554 seconds
[2024-09-17T08:48:40.784+0000] {processor.py:161} INFO - Started process (PID=691) to work on /opt/airflow/dags/postgres_to_bigquery_dag.py
[2024-09-17T08:48:40.786+0000] {processor.py:830} INFO - Processing file /opt/airflow/dags/postgres_to_bigquery_dag.py for tasks to queue
[2024-09-17T08:48:40.791+0000] {logging_mixin.py:188} INFO - [2024-09-17T08:48:40.790+0000] {dagbag.py:545} INFO - Filling up the DagBag from /opt/airflow/dags/postgres_to_bigquery_dag.py
[2024-09-17T08:48:41.918+0000] {processor.py:840} INFO - DAG(s) 'postgres_to_bigquery' retrieved from /opt/airflow/dags/postgres_to_bigquery_dag.py
[2024-09-17T08:48:41.981+0000] {logging_mixin.py:188} INFO - [2024-09-17T08:48:41.980+0000] {dag.py:3089} INFO - Sync 1 DAGs
[2024-09-17T08:48:42.024+0000] {logging_mixin.py:188} INFO - [2024-09-17T08:48:42.024+0000] {dag.py:3947} INFO - Setting next_dagrun for postgres_to_bigquery to 2024-09-17 00:00:00+00:00, run_after=2024-09-18 00:00:00+00:00
[2024-09-17T08:48:42.070+0000] {processor.py:183} INFO - Processing /opt/airflow/dags/postgres_to_bigquery_dag.py took 1.306 seconds
[2024-09-17T08:49:12.495+0000] {processor.py:161} INFO - Started process (PID=709) to work on /opt/airflow/dags/postgres_to_bigquery_dag.py
[2024-09-17T08:49:12.497+0000] {processor.py:830} INFO - Processing file /opt/airflow/dags/postgres_to_bigquery_dag.py for tasks to queue
[2024-09-17T08:49:12.501+0000] {logging_mixin.py:188} INFO - [2024-09-17T08:49:12.500+0000] {dagbag.py:545} INFO - Filling up the DagBag from /opt/airflow/dags/postgres_to_bigquery_dag.py
[2024-09-17T08:49:13.652+0000] {processor.py:840} INFO - DAG(s) 'postgres_to_bigquery' retrieved from /opt/airflow/dags/postgres_to_bigquery_dag.py
[2024-09-17T08:49:13.688+0000] {logging_mixin.py:188} INFO - [2024-09-17T08:49:13.687+0000] {dag.py:3089} INFO - Sync 1 DAGs
[2024-09-17T08:49:13.720+0000] {logging_mixin.py:188} INFO - [2024-09-17T08:49:13.719+0000] {dag.py:3947} INFO - Setting next_dagrun for postgres_to_bigquery to 2024-09-17 00:00:00+00:00, run_after=2024-09-18 00:00:00+00:00
[2024-09-17T08:49:13.757+0000] {processor.py:183} INFO - Processing /opt/airflow/dags/postgres_to_bigquery_dag.py took 1.275 seconds
[2024-09-17T08:49:43.930+0000] {processor.py:161} INFO - Started process (PID=727) to work on /opt/airflow/dags/postgres_to_bigquery_dag.py
[2024-09-17T08:49:43.932+0000] {processor.py:830} INFO - Processing file /opt/airflow/dags/postgres_to_bigquery_dag.py for tasks to queue
[2024-09-17T08:49:43.938+0000] {logging_mixin.py:188} INFO - [2024-09-17T08:49:43.937+0000] {dagbag.py:545} INFO - Filling up the DagBag from /opt/airflow/dags/postgres_to_bigquery_dag.py
[2024-09-17T08:49:45.162+0000] {processor.py:840} INFO - DAG(s) 'postgres_to_bigquery' retrieved from /opt/airflow/dags/postgres_to_bigquery_dag.py
[2024-09-17T08:49:45.212+0000] {logging_mixin.py:188} INFO - [2024-09-17T08:49:45.211+0000] {dag.py:3089} INFO - Sync 1 DAGs
[2024-09-17T08:49:45.248+0000] {logging_mixin.py:188} INFO - [2024-09-17T08:49:45.247+0000] {dag.py:3947} INFO - Setting next_dagrun for postgres_to_bigquery to 2024-09-17 00:00:00+00:00, run_after=2024-09-18 00:00:00+00:00
[2024-09-17T08:49:45.291+0000] {processor.py:183} INFO - Processing /opt/airflow/dags/postgres_to_bigquery_dag.py took 1.379 seconds
[2024-09-17T08:50:15.687+0000] {processor.py:161} INFO - Started process (PID=745) to work on /opt/airflow/dags/postgres_to_bigquery_dag.py
[2024-09-17T08:50:15.688+0000] {processor.py:830} INFO - Processing file /opt/airflow/dags/postgres_to_bigquery_dag.py for tasks to queue
[2024-09-17T08:50:15.691+0000] {logging_mixin.py:188} INFO - [2024-09-17T08:50:15.690+0000] {dagbag.py:545} INFO - Filling up the DagBag from /opt/airflow/dags/postgres_to_bigquery_dag.py
[2024-09-17T08:50:16.758+0000] {processor.py:840} INFO - DAG(s) 'postgres_to_bigquery' retrieved from /opt/airflow/dags/postgres_to_bigquery_dag.py
[2024-09-17T08:50:16.801+0000] {logging_mixin.py:188} INFO - [2024-09-17T08:50:16.800+0000] {dag.py:3089} INFO - Sync 1 DAGs
[2024-09-17T08:50:16.832+0000] {logging_mixin.py:188} INFO - [2024-09-17T08:50:16.832+0000] {dag.py:3947} INFO - Setting next_dagrun for postgres_to_bigquery to 2024-09-17 00:00:00+00:00, run_after=2024-09-18 00:00:00+00:00
[2024-09-17T08:50:16.862+0000] {processor.py:183} INFO - Processing /opt/airflow/dags/postgres_to_bigquery_dag.py took 1.183 seconds
[2024-09-17T08:50:46.993+0000] {processor.py:161} INFO - Started process (PID=764) to work on /opt/airflow/dags/postgres_to_bigquery_dag.py
[2024-09-17T08:50:46.995+0000] {processor.py:830} INFO - Processing file /opt/airflow/dags/postgres_to_bigquery_dag.py for tasks to queue
[2024-09-17T08:50:46.998+0000] {logging_mixin.py:188} INFO - [2024-09-17T08:50:46.998+0000] {dagbag.py:545} INFO - Filling up the DagBag from /opt/airflow/dags/postgres_to_bigquery_dag.py
[2024-09-17T08:50:48.273+0000] {processor.py:840} INFO - DAG(s) 'postgres_to_bigquery' retrieved from /opt/airflow/dags/postgres_to_bigquery_dag.py
[2024-09-17T08:50:48.318+0000] {logging_mixin.py:188} INFO - [2024-09-17T08:50:48.318+0000] {dag.py:3089} INFO - Sync 1 DAGs
[2024-09-17T08:50:48.359+0000] {logging_mixin.py:188} INFO - [2024-09-17T08:50:48.359+0000] {dag.py:3947} INFO - Setting next_dagrun for postgres_to_bigquery to 2024-09-17 00:00:00+00:00, run_after=2024-09-18 00:00:00+00:00
[2024-09-17T08:50:48.425+0000] {processor.py:183} INFO - Processing /opt/airflow/dags/postgres_to_bigquery_dag.py took 1.444 seconds
[2024-09-17T08:51:18.759+0000] {processor.py:161} INFO - Started process (PID=783) to work on /opt/airflow/dags/postgres_to_bigquery_dag.py
[2024-09-17T08:51:18.761+0000] {processor.py:830} INFO - Processing file /opt/airflow/dags/postgres_to_bigquery_dag.py for tasks to queue
[2024-09-17T08:51:18.765+0000] {logging_mixin.py:188} INFO - [2024-09-17T08:51:18.764+0000] {dagbag.py:545} INFO - Filling up the DagBag from /opt/airflow/dags/postgres_to_bigquery_dag.py
[2024-09-17T08:51:19.745+0000] {processor.py:840} INFO - DAG(s) 'postgres_to_bigquery' retrieved from /opt/airflow/dags/postgres_to_bigquery_dag.py
[2024-09-17T08:51:19.781+0000] {logging_mixin.py:188} INFO - [2024-09-17T08:51:19.780+0000] {dag.py:3089} INFO - Sync 1 DAGs
[2024-09-17T08:51:19.812+0000] {logging_mixin.py:188} INFO - [2024-09-17T08:51:19.812+0000] {dag.py:3947} INFO - Setting next_dagrun for postgres_to_bigquery to 2024-09-17 00:00:00+00:00, run_after=2024-09-18 00:00:00+00:00
[2024-09-17T08:51:19.849+0000] {processor.py:183} INFO - Processing /opt/airflow/dags/postgres_to_bigquery_dag.py took 1.106 seconds
[2024-09-17T08:51:50.348+0000] {processor.py:161} INFO - Started process (PID=802) to work on /opt/airflow/dags/postgres_to_bigquery_dag.py
[2024-09-17T08:51:50.350+0000] {processor.py:830} INFO - Processing file /opt/airflow/dags/postgres_to_bigquery_dag.py for tasks to queue
[2024-09-17T08:51:50.354+0000] {logging_mixin.py:188} INFO - [2024-09-17T08:51:50.353+0000] {dagbag.py:545} INFO - Filling up the DagBag from /opt/airflow/dags/postgres_to_bigquery_dag.py
[2024-09-17T08:51:51.467+0000] {processor.py:840} INFO - DAG(s) 'postgres_to_bigquery' retrieved from /opt/airflow/dags/postgres_to_bigquery_dag.py
[2024-09-17T08:51:51.502+0000] {logging_mixin.py:188} INFO - [2024-09-17T08:51:51.501+0000] {dag.py:3089} INFO - Sync 1 DAGs
[2024-09-17T08:51:51.531+0000] {logging_mixin.py:188} INFO - [2024-09-17T08:51:51.530+0000] {dag.py:3947} INFO - Setting next_dagrun for postgres_to_bigquery to 2024-09-17 00:00:00+00:00, run_after=2024-09-18 00:00:00+00:00
[2024-09-17T08:51:51.572+0000] {processor.py:183} INFO - Processing /opt/airflow/dags/postgres_to_bigquery_dag.py took 1.240 seconds
[2024-09-17T08:52:22.048+0000] {processor.py:161} INFO - Started process (PID=820) to work on /opt/airflow/dags/postgres_to_bigquery_dag.py
[2024-09-17T08:52:22.050+0000] {processor.py:830} INFO - Processing file /opt/airflow/dags/postgres_to_bigquery_dag.py for tasks to queue
[2024-09-17T08:52:22.054+0000] {logging_mixin.py:188} INFO - [2024-09-17T08:52:22.053+0000] {dagbag.py:545} INFO - Filling up the DagBag from /opt/airflow/dags/postgres_to_bigquery_dag.py
[2024-09-17T08:52:23.425+0000] {processor.py:840} INFO - DAG(s) 'postgres_to_bigquery' retrieved from /opt/airflow/dags/postgres_to_bigquery_dag.py
[2024-09-17T08:52:23.484+0000] {logging_mixin.py:188} INFO - [2024-09-17T08:52:23.483+0000] {dag.py:3089} INFO - Sync 1 DAGs
[2024-09-17T08:52:23.523+0000] {logging_mixin.py:188} INFO - [2024-09-17T08:52:23.523+0000] {dag.py:3947} INFO - Setting next_dagrun for postgres_to_bigquery to 2024-09-17 00:00:00+00:00, run_after=2024-09-18 00:00:00+00:00
[2024-09-17T08:52:23.577+0000] {processor.py:183} INFO - Processing /opt/airflow/dags/postgres_to_bigquery_dag.py took 1.541 seconds
[2024-09-17T08:52:53.671+0000] {processor.py:161} INFO - Started process (PID=838) to work on /opt/airflow/dags/postgres_to_bigquery_dag.py
[2024-09-17T08:52:53.672+0000] {processor.py:830} INFO - Processing file /opt/airflow/dags/postgres_to_bigquery_dag.py for tasks to queue
[2024-09-17T08:52:53.675+0000] {logging_mixin.py:188} INFO - [2024-09-17T08:52:53.675+0000] {dagbag.py:545} INFO - Filling up the DagBag from /opt/airflow/dags/postgres_to_bigquery_dag.py
[2024-09-17T08:52:55.509+0000] {processor.py:840} INFO - DAG(s) 'postgres_to_bigquery' retrieved from /opt/airflow/dags/postgres_to_bigquery_dag.py
[2024-09-17T08:52:55.560+0000] {logging_mixin.py:188} INFO - [2024-09-17T08:52:55.559+0000] {dag.py:3089} INFO - Sync 1 DAGs
[2024-09-17T08:52:55.597+0000] {logging_mixin.py:188} INFO - [2024-09-17T08:52:55.597+0000] {dag.py:3947} INFO - Setting next_dagrun for postgres_to_bigquery to 2024-09-17 00:00:00+00:00, run_after=2024-09-18 00:00:00+00:00
[2024-09-17T08:52:55.643+0000] {processor.py:183} INFO - Processing /opt/airflow/dags/postgres_to_bigquery_dag.py took 1.984 seconds
[2024-09-17T08:53:26.123+0000] {processor.py:161} INFO - Started process (PID=856) to work on /opt/airflow/dags/postgres_to_bigquery_dag.py
[2024-09-17T08:53:26.125+0000] {processor.py:830} INFO - Processing file /opt/airflow/dags/postgres_to_bigquery_dag.py for tasks to queue
[2024-09-17T08:53:26.129+0000] {logging_mixin.py:188} INFO - [2024-09-17T08:53:26.128+0000] {dagbag.py:545} INFO - Filling up the DagBag from /opt/airflow/dags/postgres_to_bigquery_dag.py
[2024-09-17T08:53:27.415+0000] {processor.py:840} INFO - DAG(s) 'postgres_to_bigquery' retrieved from /opt/airflow/dags/postgres_to_bigquery_dag.py
[2024-09-17T08:53:27.461+0000] {logging_mixin.py:188} INFO - [2024-09-17T08:53:27.457+0000] {dag.py:3089} INFO - Sync 1 DAGs
[2024-09-17T08:53:27.492+0000] {logging_mixin.py:188} INFO - [2024-09-17T08:53:27.492+0000] {dag.py:3947} INFO - Setting next_dagrun for postgres_to_bigquery to 2024-09-17 00:00:00+00:00, run_after=2024-09-18 00:00:00+00:00
[2024-09-17T08:53:27.526+0000] {processor.py:183} INFO - Processing /opt/airflow/dags/postgres_to_bigquery_dag.py took 1.414 seconds
[2024-09-17T08:53:58.155+0000] {processor.py:161} INFO - Started process (PID=874) to work on /opt/airflow/dags/postgres_to_bigquery_dag.py
[2024-09-17T08:53:58.158+0000] {processor.py:830} INFO - Processing file /opt/airflow/dags/postgres_to_bigquery_dag.py for tasks to queue
[2024-09-17T08:53:58.162+0000] {logging_mixin.py:188} INFO - [2024-09-17T08:53:58.161+0000] {dagbag.py:545} INFO - Filling up the DagBag from /opt/airflow/dags/postgres_to_bigquery_dag.py
[2024-09-17T08:53:59.699+0000] {processor.py:840} INFO - DAG(s) 'postgres_to_bigquery' retrieved from /opt/airflow/dags/postgres_to_bigquery_dag.py
[2024-09-17T08:53:59.746+0000] {logging_mixin.py:188} INFO - [2024-09-17T08:53:59.743+0000] {dag.py:3089} INFO - Sync 1 DAGs
[2024-09-17T08:53:59.818+0000] {logging_mixin.py:188} INFO - [2024-09-17T08:53:59.817+0000] {dag.py:3947} INFO - Setting next_dagrun for postgres_to_bigquery to 2024-09-17 00:00:00+00:00, run_after=2024-09-18 00:00:00+00:00
[2024-09-17T08:53:59.877+0000] {processor.py:183} INFO - Processing /opt/airflow/dags/postgres_to_bigquery_dag.py took 1.734 seconds
[2024-09-17T08:54:30.407+0000] {processor.py:161} INFO - Started process (PID=893) to work on /opt/airflow/dags/postgres_to_bigquery_dag.py
[2024-09-17T08:54:30.409+0000] {processor.py:830} INFO - Processing file /opt/airflow/dags/postgres_to_bigquery_dag.py for tasks to queue
[2024-09-17T08:54:30.413+0000] {logging_mixin.py:188} INFO - [2024-09-17T08:54:30.413+0000] {dagbag.py:545} INFO - Filling up the DagBag from /opt/airflow/dags/postgres_to_bigquery_dag.py
[2024-09-17T08:54:31.700+0000] {processor.py:840} INFO - DAG(s) 'postgres_to_bigquery' retrieved from /opt/airflow/dags/postgres_to_bigquery_dag.py
[2024-09-17T08:54:31.740+0000] {logging_mixin.py:188} INFO - [2024-09-17T08:54:31.739+0000] {dag.py:3089} INFO - Sync 1 DAGs
[2024-09-17T08:54:31.779+0000] {logging_mixin.py:188} INFO - [2024-09-17T08:54:31.778+0000] {dag.py:3947} INFO - Setting next_dagrun for postgres_to_bigquery to 2024-09-17 00:00:00+00:00, run_after=2024-09-18 00:00:00+00:00
[2024-09-17T08:54:31.821+0000] {processor.py:183} INFO - Processing /opt/airflow/dags/postgres_to_bigquery_dag.py took 1.426 seconds
[2024-09-17T08:55:02.301+0000] {processor.py:161} INFO - Started process (PID=917) to work on /opt/airflow/dags/postgres_to_bigquery_dag.py
[2024-09-17T08:55:02.303+0000] {processor.py:830} INFO - Processing file /opt/airflow/dags/postgres_to_bigquery_dag.py for tasks to queue
[2024-09-17T08:55:02.306+0000] {logging_mixin.py:188} INFO - [2024-09-17T08:55:02.305+0000] {dagbag.py:545} INFO - Filling up the DagBag from /opt/airflow/dags/postgres_to_bigquery_dag.py
[2024-09-17T08:55:03.383+0000] {processor.py:840} INFO - DAG(s) 'postgres_to_bigquery' retrieved from /opt/airflow/dags/postgres_to_bigquery_dag.py
[2024-09-17T08:55:03.420+0000] {logging_mixin.py:188} INFO - [2024-09-17T08:55:03.419+0000] {dag.py:3089} INFO - Sync 1 DAGs
[2024-09-17T08:55:03.455+0000] {logging_mixin.py:188} INFO - [2024-09-17T08:55:03.454+0000] {dag.py:3947} INFO - Setting next_dagrun for postgres_to_bigquery to 2024-09-17 00:00:00+00:00, run_after=2024-09-18 00:00:00+00:00
[2024-09-17T08:55:03.507+0000] {processor.py:183} INFO - Processing /opt/airflow/dags/postgres_to_bigquery_dag.py took 1.216 seconds
[2024-09-17T08:55:33.797+0000] {processor.py:161} INFO - Started process (PID=935) to work on /opt/airflow/dags/postgres_to_bigquery_dag.py
[2024-09-17T08:55:33.800+0000] {processor.py:830} INFO - Processing file /opt/airflow/dags/postgres_to_bigquery_dag.py for tasks to queue
[2024-09-17T08:55:33.805+0000] {logging_mixin.py:188} INFO - [2024-09-17T08:55:33.804+0000] {dagbag.py:545} INFO - Filling up the DagBag from /opt/airflow/dags/postgres_to_bigquery_dag.py
[2024-09-17T08:55:35.876+0000] {processor.py:840} INFO - DAG(s) 'postgres_to_bigquery' retrieved from /opt/airflow/dags/postgres_to_bigquery_dag.py
[2024-09-17T08:55:35.949+0000] {logging_mixin.py:188} INFO - [2024-09-17T08:55:35.948+0000] {dag.py:3089} INFO - Sync 1 DAGs
[2024-09-17T08:55:36.009+0000] {logging_mixin.py:188} INFO - [2024-09-17T08:55:36.008+0000] {dag.py:3947} INFO - Setting next_dagrun for postgres_to_bigquery to 2024-09-17 00:00:00+00:00, run_after=2024-09-18 00:00:00+00:00
[2024-09-17T08:55:36.096+0000] {processor.py:183} INFO - Processing /opt/airflow/dags/postgres_to_bigquery_dag.py took 2.318 seconds
