[2024-09-17T01:15:54.682+0000] {processor.py:161} INFO - Started process (PID=13508) to work on /opt/airflow/dags/updated_etl.py
[2024-09-17T01:15:54.710+0000] {processor.py:830} INFO - Processing file /opt/airflow/dags/updated_etl.py for tasks to queue
[2024-09-17T01:15:54.727+0000] {logging_mixin.py:188} INFO - [2024-09-17T01:15:54.727+0000] {dagbag.py:545} INFO - Filling up the DagBag from /opt/airflow/dags/updated_etl.py
[2024-09-17T04:24:31.885+0000] {logging_mixin.py:188} INFO - [2024-09-17T04:24:31.885+0000] {timeout.py:68} ERROR - Process timed out, PID: 13508
[2024-09-17T04:25:10.162+0000] {processor.py:161} INFO - Started process (PID=13562) to work on /opt/airflow/dags/updated_etl.py
[2024-09-17T04:25:10.196+0000] {processor.py:830} INFO - Processing file /opt/airflow/dags/updated_etl.py for tasks to queue
[2024-09-17T04:25:10.202+0000] {logging_mixin.py:188} INFO - [2024-09-17T04:25:10.202+0000] {dagbag.py:545} INFO - Filling up the DagBag from /opt/airflow/dags/updated_etl.py
[2024-09-17T04:25:20.292+0000] {processor.py:840} INFO - DAG(s) 'ingest_ecommerce_data' retrieved from /opt/airflow/dags/updated_etl.py
[2024-09-17T04:25:21.749+0000] {logging_mixin.py:188} INFO - [2024-09-17T04:25:21.737+0000] {dag.py:3089} INFO - Sync 1 DAGs
[2024-09-17T04:25:21.926+0000] {logging_mixin.py:188} INFO - [2024-09-17T04:25:21.926+0000] {dag.py:3947} INFO - Setting next_dagrun for ingest_ecommerce_data to 2024-09-17 00:00:00+00:00, run_after=2024-09-18 00:00:00+00:00
[2024-09-17T04:25:22.306+0000] {processor.py:183} INFO - Processing /opt/airflow/dags/updated_etl.py took 12.150 seconds
[2024-09-17T04:25:53.035+0000] {processor.py:161} INFO - Started process (PID=13577) to work on /opt/airflow/dags/updated_etl.py
[2024-09-17T04:25:53.048+0000] {processor.py:830} INFO - Processing file /opt/airflow/dags/updated_etl.py for tasks to queue
[2024-09-17T04:25:53.050+0000] {logging_mixin.py:188} INFO - [2024-09-17T04:25:53.049+0000] {dagbag.py:545} INFO - Filling up the DagBag from /opt/airflow/dags/updated_etl.py
[2024-09-17T04:25:58.877+0000] {processor.py:840} INFO - DAG(s) 'ingest_ecommerce_data' retrieved from /opt/airflow/dags/updated_etl.py
[2024-09-17T04:25:59.117+0000] {logging_mixin.py:188} INFO - [2024-09-17T04:25:59.116+0000] {dag.py:3089} INFO - Sync 1 DAGs
[2024-09-17T04:25:59.184+0000] {logging_mixin.py:188} INFO - [2024-09-17T04:25:59.184+0000] {dag.py:3947} INFO - Setting next_dagrun for ingest_ecommerce_data to 2024-09-17 00:00:00+00:00, run_after=2024-09-18 00:00:00+00:00
[2024-09-17T04:25:59.284+0000] {processor.py:183} INFO - Processing /opt/airflow/dags/updated_etl.py took 6.266 seconds
[2024-09-17T04:26:29.657+0000] {processor.py:161} INFO - Started process (PID=13596) to work on /opt/airflow/dags/updated_etl.py
[2024-09-17T04:26:29.669+0000] {processor.py:830} INFO - Processing file /opt/airflow/dags/updated_etl.py for tasks to queue
[2024-09-17T04:26:29.675+0000] {logging_mixin.py:188} INFO - [2024-09-17T04:26:29.675+0000] {dagbag.py:545} INFO - Filling up the DagBag from /opt/airflow/dags/updated_etl.py
[2024-09-17T04:26:31.285+0000] {processor.py:840} INFO - DAG(s) 'ingest_ecommerce_data' retrieved from /opt/airflow/dags/updated_etl.py
[2024-09-17T04:26:31.340+0000] {logging_mixin.py:188} INFO - [2024-09-17T04:26:31.340+0000] {dag.py:3089} INFO - Sync 1 DAGs
[2024-09-17T04:26:31.379+0000] {logging_mixin.py:188} INFO - [2024-09-17T04:26:31.379+0000] {dag.py:3947} INFO - Setting next_dagrun for ingest_ecommerce_data to 2024-09-17 00:00:00+00:00, run_after=2024-09-18 00:00:00+00:00
[2024-09-17T04:26:31.441+0000] {processor.py:183} INFO - Processing /opt/airflow/dags/updated_etl.py took 1.805 seconds
[2024-09-17T04:27:02.121+0000] {processor.py:161} INFO - Started process (PID=13620) to work on /opt/airflow/dags/updated_etl.py
[2024-09-17T04:27:02.123+0000] {processor.py:830} INFO - Processing file /opt/airflow/dags/updated_etl.py for tasks to queue
[2024-09-17T04:27:02.125+0000] {logging_mixin.py:188} INFO - [2024-09-17T04:27:02.124+0000] {dagbag.py:545} INFO - Filling up the DagBag from /opt/airflow/dags/updated_etl.py
[2024-09-17T04:27:03.155+0000] {processor.py:840} INFO - DAG(s) 'ingest_ecommerce_data' retrieved from /opt/airflow/dags/updated_etl.py
[2024-09-17T04:27:03.336+0000] {logging_mixin.py:188} INFO - [2024-09-17T04:27:03.335+0000] {dag.py:3089} INFO - Sync 1 DAGs
[2024-09-17T04:27:03.385+0000] {logging_mixin.py:188} INFO - [2024-09-17T04:27:03.385+0000] {dag.py:3947} INFO - Setting next_dagrun for ingest_ecommerce_data to 2024-09-17 00:00:00+00:00, run_after=2024-09-18 00:00:00+00:00
[2024-09-17T04:27:03.421+0000] {processor.py:183} INFO - Processing /opt/airflow/dags/updated_etl.py took 1.311 seconds
[2024-09-17T04:27:33.724+0000] {processor.py:161} INFO - Started process (PID=13639) to work on /opt/airflow/dags/updated_etl.py
[2024-09-17T04:27:33.726+0000] {processor.py:830} INFO - Processing file /opt/airflow/dags/updated_etl.py for tasks to queue
[2024-09-17T04:27:33.729+0000] {logging_mixin.py:188} INFO - [2024-09-17T04:27:33.728+0000] {dagbag.py:545} INFO - Filling up the DagBag from /opt/airflow/dags/updated_etl.py
[2024-09-17T04:27:35.531+0000] {processor.py:840} INFO - DAG(s) 'ingest_ecommerce_data' retrieved from /opt/airflow/dags/updated_etl.py
[2024-09-17T04:27:35.620+0000] {logging_mixin.py:188} INFO - [2024-09-17T04:27:35.619+0000] {dag.py:3089} INFO - Sync 1 DAGs
[2024-09-17T04:27:35.673+0000] {logging_mixin.py:188} INFO - [2024-09-17T04:27:35.672+0000] {dag.py:3947} INFO - Setting next_dagrun for ingest_ecommerce_data to 2024-09-17 00:00:00+00:00, run_after=2024-09-18 00:00:00+00:00
[2024-09-17T04:27:50.012+0000] {processor.py:186} ERROR - Got an exception! Propagating...
Traceback (most recent call last):
  File "/home/airflow/.local/lib/python3.12/site-packages/sqlalchemy/engine/base.py", line 1094, in _commit_impl
    self.engine.dialect.do_commit(self.connection)
  File "/home/airflow/.local/lib/python3.12/site-packages/sqlalchemy/engine/default.py", line 686, in do_commit
    dbapi_connection.commit()
psycopg2.OperationalError: server closed the connection unexpectedly
	This probably means the server terminated abnormally
	before or while processing the request.


The above exception was the direct cause of the following exception:

Traceback (most recent call last):
  File "/home/airflow/.local/lib/python3.12/site-packages/airflow/dag_processing/processor.py", line 182, in _run_file_processor
    _handle_dag_file_processing()
  File "/home/airflow/.local/lib/python3.12/site-packages/airflow/dag_processing/processor.py", line 163, in _handle_dag_file_processing
    result: tuple[int, int] = dag_file_processor.process_file(
                              ^^^^^^^^^^^^^^^^^^^^^^^^^^^^^^^^
  File "/home/airflow/.local/lib/python3.12/site-packages/airflow/utils/session.py", line 79, in wrapper
    return func(*args, session=session, **kwargs)
           ^^^^^^^^^^^^^^^^^^^^^^^^^^^^^^^^^^^^^^
  File "/home/airflow/.local/lib/python3.12/site-packages/airflow/dag_processing/processor.py", line 859, in process_file
    serialize_errors = DagFileProcessor.save_dag_to_db(
                       ^^^^^^^^^^^^^^^^^^^^^^^^^^^^^^^^
  File "/home/airflow/.local/lib/python3.12/site-packages/airflow/api_internal/internal_api_call.py", line 115, in wrapper
    return func(*args, **kwargs)
           ^^^^^^^^^^^^^^^^^^^^^
  File "/home/airflow/.local/lib/python3.12/site-packages/airflow/utils/session.py", line 79, in wrapper
    return func(*args, session=session, **kwargs)
           ^^^^^^^^^^^^^^^^^^^^^^^^^^^^^^^^^^^^^^
  File "/home/airflow/.local/lib/python3.12/site-packages/airflow/dag_processing/processor.py", line 896, in save_dag_to_db
    session.commit()
  File "/home/airflow/.local/lib/python3.12/site-packages/sqlalchemy/orm/session.py", line 1454, in commit
    self._transaction.commit(_to_root=self.future)
  File "/home/airflow/.local/lib/python3.12/site-packages/sqlalchemy/orm/session.py", line 839, in commit
    trans.commit()
  File "/home/airflow/.local/lib/python3.12/site-packages/sqlalchemy/engine/base.py", line 2469, in commit
    self._do_commit()
  File "/home/airflow/.local/lib/python3.12/site-packages/sqlalchemy/engine/base.py", line 2659, in _do_commit
    self._connection_commit_impl()
  File "/home/airflow/.local/lib/python3.12/site-packages/sqlalchemy/engine/base.py", line 2630, in _connection_commit_impl
    self.connection._commit_impl()
  File "/home/airflow/.local/lib/python3.12/site-packages/sqlalchemy/engine/base.py", line 1096, in _commit_impl
    self._handle_dbapi_exception(e, None, None, None, None)
  File "/home/airflow/.local/lib/python3.12/site-packages/sqlalchemy/engine/base.py", line 2134, in _handle_dbapi_exception
    util.raise_(
  File "/home/airflow/.local/lib/python3.12/site-packages/sqlalchemy/util/compat.py", line 211, in raise_
    raise exception
  File "/home/airflow/.local/lib/python3.12/site-packages/sqlalchemy/engine/base.py", line 1094, in _commit_impl
    self.engine.dialect.do_commit(self.connection)
  File "/home/airflow/.local/lib/python3.12/site-packages/sqlalchemy/engine/default.py", line 686, in do_commit
    dbapi_connection.commit()
sqlalchemy.exc.OperationalError: (psycopg2.OperationalError) server closed the connection unexpectedly
	This probably means the server terminated abnormally
	before or while processing the request.

(Background on this error at: https://sqlalche.me/e/14/e3q8)
[2024-09-17T08:33:42.261+0000] {processor.py:161} INFO - Started process (PID=171) to work on /opt/airflow/dags/updated_etl.py
[2024-09-17T08:33:42.265+0000] {processor.py:830} INFO - Processing file /opt/airflow/dags/updated_etl.py for tasks to queue
[2024-09-17T08:33:42.275+0000] {logging_mixin.py:188} INFO - [2024-09-17T08:33:42.271+0000] {dagbag.py:545} INFO - Filling up the DagBag from /opt/airflow/dags/updated_etl.py
[2024-09-17T08:33:43.929+0000] {processor.py:840} INFO - DAG(s) 'ingest_ecommerce_data' retrieved from /opt/airflow/dags/updated_etl.py
[2024-09-17T08:33:44.118+0000] {logging_mixin.py:188} INFO - [2024-09-17T08:33:44.117+0000] {dag.py:3089} INFO - Sync 1 DAGs
[2024-09-17T08:33:44.187+0000] {logging_mixin.py:188} INFO - [2024-09-17T08:33:44.187+0000] {dag.py:3947} INFO - Setting next_dagrun for ingest_ecommerce_data to 2024-09-17 00:00:00+00:00, run_after=2024-09-18 00:00:00+00:00
[2024-09-17T08:33:44.284+0000] {processor.py:183} INFO - Processing /opt/airflow/dags/updated_etl.py took 2.041 seconds
[2024-09-17T08:34:14.848+0000] {processor.py:161} INFO - Started process (PID=188) to work on /opt/airflow/dags/updated_etl.py
[2024-09-17T08:34:14.849+0000] {processor.py:830} INFO - Processing file /opt/airflow/dags/updated_etl.py for tasks to queue
[2024-09-17T08:34:14.853+0000] {logging_mixin.py:188} INFO - [2024-09-17T08:34:14.852+0000] {dagbag.py:545} INFO - Filling up the DagBag from /opt/airflow/dags/updated_etl.py
[2024-09-17T08:34:15.344+0000] {processor.py:840} INFO - DAG(s) 'ingest_ecommerce_data' retrieved from /opt/airflow/dags/updated_etl.py
[2024-09-17T08:34:15.388+0000] {logging_mixin.py:188} INFO - [2024-09-17T08:34:15.388+0000] {dag.py:3089} INFO - Sync 1 DAGs
[2024-09-17T08:34:15.420+0000] {logging_mixin.py:188} INFO - [2024-09-17T08:34:15.419+0000] {dag.py:3947} INFO - Setting next_dagrun for ingest_ecommerce_data to 2024-09-17 00:00:00+00:00, run_after=2024-09-18 00:00:00+00:00
[2024-09-17T08:34:15.464+0000] {processor.py:183} INFO - Processing /opt/airflow/dags/updated_etl.py took 0.624 seconds
[2024-09-17T08:34:45.895+0000] {processor.py:161} INFO - Started process (PID=206) to work on /opt/airflow/dags/updated_etl.py
[2024-09-17T08:34:45.897+0000] {processor.py:830} INFO - Processing file /opt/airflow/dags/updated_etl.py for tasks to queue
[2024-09-17T08:34:45.900+0000] {logging_mixin.py:188} INFO - [2024-09-17T08:34:45.900+0000] {dagbag.py:545} INFO - Filling up the DagBag from /opt/airflow/dags/updated_etl.py
[2024-09-17T08:34:46.396+0000] {processor.py:840} INFO - DAG(s) 'ingest_ecommerce_data' retrieved from /opt/airflow/dags/updated_etl.py
[2024-09-17T08:34:46.439+0000] {logging_mixin.py:188} INFO - [2024-09-17T08:34:46.439+0000] {dag.py:3089} INFO - Sync 1 DAGs
[2024-09-17T08:34:46.476+0000] {logging_mixin.py:188} INFO - [2024-09-17T08:34:46.475+0000] {dag.py:3947} INFO - Setting next_dagrun for ingest_ecommerce_data to 2024-09-17 00:00:00+00:00, run_after=2024-09-18 00:00:00+00:00
[2024-09-17T08:34:46.514+0000] {processor.py:183} INFO - Processing /opt/airflow/dags/updated_etl.py took 0.626 seconds
[2024-09-17T08:35:17.022+0000] {processor.py:161} INFO - Started process (PID=224) to work on /opt/airflow/dags/updated_etl.py
[2024-09-17T08:35:17.024+0000] {processor.py:830} INFO - Processing file /opt/airflow/dags/updated_etl.py for tasks to queue
[2024-09-17T08:35:17.027+0000] {logging_mixin.py:188} INFO - [2024-09-17T08:35:17.026+0000] {dagbag.py:545} INFO - Filling up the DagBag from /opt/airflow/dags/updated_etl.py
[2024-09-17T08:35:17.657+0000] {processor.py:840} INFO - DAG(s) 'ingest_ecommerce_data' retrieved from /opt/airflow/dags/updated_etl.py
[2024-09-17T08:35:17.713+0000] {logging_mixin.py:188} INFO - [2024-09-17T08:35:17.712+0000] {dag.py:3089} INFO - Sync 1 DAGs
[2024-09-17T08:35:17.757+0000] {logging_mixin.py:188} INFO - [2024-09-17T08:35:17.757+0000] {dag.py:3947} INFO - Setting next_dagrun for ingest_ecommerce_data to 2024-09-17 00:00:00+00:00, run_after=2024-09-18 00:00:00+00:00
[2024-09-17T08:35:18.014+0000] {processor.py:183} INFO - Processing /opt/airflow/dags/updated_etl.py took 1.003 seconds
[2024-09-17T08:35:48.554+0000] {processor.py:161} INFO - Started process (PID=242) to work on /opt/airflow/dags/updated_etl.py
[2024-09-17T08:35:48.556+0000] {processor.py:830} INFO - Processing file /opt/airflow/dags/updated_etl.py for tasks to queue
[2024-09-17T08:35:48.560+0000] {logging_mixin.py:188} INFO - [2024-09-17T08:35:48.559+0000] {dagbag.py:545} INFO - Filling up the DagBag from /opt/airflow/dags/updated_etl.py
[2024-09-17T08:35:49.075+0000] {processor.py:840} INFO - DAG(s) 'ingest_ecommerce_data' retrieved from /opt/airflow/dags/updated_etl.py
[2024-09-17T08:35:49.120+0000] {logging_mixin.py:188} INFO - [2024-09-17T08:35:49.120+0000] {dag.py:3089} INFO - Sync 1 DAGs
[2024-09-17T08:35:49.155+0000] {logging_mixin.py:188} INFO - [2024-09-17T08:35:49.155+0000] {dag.py:3947} INFO - Setting next_dagrun for ingest_ecommerce_data to 2024-09-17 00:00:00+00:00, run_after=2024-09-18 00:00:00+00:00
[2024-09-17T08:35:49.192+0000] {processor.py:183} INFO - Processing /opt/airflow/dags/updated_etl.py took 0.651 seconds
[2024-09-17T08:36:19.612+0000] {processor.py:161} INFO - Started process (PID=260) to work on /opt/airflow/dags/updated_etl.py
[2024-09-17T08:36:19.614+0000] {processor.py:830} INFO - Processing file /opt/airflow/dags/updated_etl.py for tasks to queue
[2024-09-17T08:36:19.617+0000] {logging_mixin.py:188} INFO - [2024-09-17T08:36:19.617+0000] {dagbag.py:545} INFO - Filling up the DagBag from /opt/airflow/dags/updated_etl.py
[2024-09-17T08:36:20.121+0000] {processor.py:840} INFO - DAG(s) 'ingest_ecommerce_data' retrieved from /opt/airflow/dags/updated_etl.py
[2024-09-17T08:36:20.164+0000] {logging_mixin.py:188} INFO - [2024-09-17T08:36:20.164+0000] {dag.py:3089} INFO - Sync 1 DAGs
[2024-09-17T08:36:20.202+0000] {logging_mixin.py:188} INFO - [2024-09-17T08:36:20.202+0000] {dag.py:3947} INFO - Setting next_dagrun for ingest_ecommerce_data to 2024-09-17 00:00:00+00:00, run_after=2024-09-18 00:00:00+00:00
[2024-09-17T08:36:20.236+0000] {processor.py:183} INFO - Processing /opt/airflow/dags/updated_etl.py took 0.635 seconds
[2024-09-17T08:36:51.048+0000] {processor.py:161} INFO - Started process (PID=278) to work on /opt/airflow/dags/updated_etl.py
[2024-09-17T08:36:51.050+0000] {processor.py:830} INFO - Processing file /opt/airflow/dags/updated_etl.py for tasks to queue
[2024-09-17T08:36:51.053+0000] {logging_mixin.py:188} INFO - [2024-09-17T08:36:51.053+0000] {dagbag.py:545} INFO - Filling up the DagBag from /opt/airflow/dags/updated_etl.py
[2024-09-17T08:36:51.575+0000] {processor.py:840} INFO - DAG(s) 'ingest_ecommerce_data' retrieved from /opt/airflow/dags/updated_etl.py
[2024-09-17T08:36:51.621+0000] {logging_mixin.py:188} INFO - [2024-09-17T08:36:51.620+0000] {dag.py:3089} INFO - Sync 1 DAGs
[2024-09-17T08:36:51.652+0000] {logging_mixin.py:188} INFO - [2024-09-17T08:36:51.651+0000] {dag.py:3947} INFO - Setting next_dagrun for ingest_ecommerce_data to 2024-09-17 00:00:00+00:00, run_after=2024-09-18 00:00:00+00:00
[2024-09-17T08:36:51.691+0000] {processor.py:183} INFO - Processing /opt/airflow/dags/updated_etl.py took 0.651 seconds
[2024-09-17T08:37:22.585+0000] {processor.py:161} INFO - Started process (PID=296) to work on /opt/airflow/dags/updated_etl.py
[2024-09-17T08:37:22.587+0000] {processor.py:830} INFO - Processing file /opt/airflow/dags/updated_etl.py for tasks to queue
[2024-09-17T08:37:22.590+0000] {logging_mixin.py:188} INFO - [2024-09-17T08:37:22.589+0000] {dagbag.py:545} INFO - Filling up the DagBag from /opt/airflow/dags/updated_etl.py
[2024-09-17T08:37:23.247+0000] {processor.py:840} INFO - DAG(s) 'ingest_ecommerce_data' retrieved from /opt/airflow/dags/updated_etl.py
[2024-09-17T08:37:23.308+0000] {logging_mixin.py:188} INFO - [2024-09-17T08:37:23.308+0000] {dag.py:3089} INFO - Sync 1 DAGs
[2024-09-17T08:37:23.344+0000] {logging_mixin.py:188} INFO - [2024-09-17T08:37:23.343+0000] {dag.py:3947} INFO - Setting next_dagrun for ingest_ecommerce_data to 2024-09-17 00:00:00+00:00, run_after=2024-09-18 00:00:00+00:00
[2024-09-17T08:37:23.554+0000] {processor.py:183} INFO - Processing /opt/airflow/dags/updated_etl.py took 0.981 seconds
[2024-09-17T08:37:54.171+0000] {processor.py:161} INFO - Started process (PID=314) to work on /opt/airflow/dags/updated_etl.py
[2024-09-17T08:37:54.174+0000] {processor.py:830} INFO - Processing file /opt/airflow/dags/updated_etl.py for tasks to queue
[2024-09-17T08:37:54.177+0000] {logging_mixin.py:188} INFO - [2024-09-17T08:37:54.177+0000] {dagbag.py:545} INFO - Filling up the DagBag from /opt/airflow/dags/updated_etl.py
[2024-09-17T08:37:56.264+0000] {processor.py:840} INFO - DAG(s) 'ingest_ecommerce_data' retrieved from /opt/airflow/dags/updated_etl.py
[2024-09-17T08:37:56.356+0000] {logging_mixin.py:188} INFO - [2024-09-17T08:37:56.355+0000] {dag.py:3089} INFO - Sync 1 DAGs
[2024-09-17T08:37:56.414+0000] {logging_mixin.py:188} INFO - [2024-09-17T08:37:56.413+0000] {dag.py:3947} INFO - Setting next_dagrun for ingest_ecommerce_data to 2024-09-17 00:00:00+00:00, run_after=2024-09-18 00:00:00+00:00
[2024-09-17T08:37:56.464+0000] {processor.py:183} INFO - Processing /opt/airflow/dags/updated_etl.py took 2.303 seconds
[2024-09-17T08:38:28.770+0000] {processor.py:161} INFO - Started process (PID=338) to work on /opt/airflow/dags/updated_etl.py
[2024-09-17T08:38:28.786+0000] {processor.py:830} INFO - Processing file /opt/airflow/dags/updated_etl.py for tasks to queue
[2024-09-17T08:38:28.813+0000] {logging_mixin.py:188} INFO - [2024-09-17T08:38:28.812+0000] {dagbag.py:545} INFO - Filling up the DagBag from /opt/airflow/dags/updated_etl.py
[2024-09-17T08:38:30.915+0000] {processor.py:840} INFO - DAG(s) 'ingest_ecommerce_data' retrieved from /opt/airflow/dags/updated_etl.py
[2024-09-17T08:38:31.070+0000] {logging_mixin.py:188} INFO - [2024-09-17T08:38:31.066+0000] {dag.py:3089} INFO - Sync 1 DAGs
[2024-09-17T08:38:31.156+0000] {logging_mixin.py:188} INFO - [2024-09-17T08:38:31.155+0000] {dag.py:3947} INFO - Setting next_dagrun for ingest_ecommerce_data to 2024-09-17 00:00:00+00:00, run_after=2024-09-18 00:00:00+00:00
[2024-09-17T08:38:31.250+0000] {processor.py:183} INFO - Processing /opt/airflow/dags/updated_etl.py took 2.511 seconds
[2024-09-17T08:39:01.993+0000] {processor.py:161} INFO - Started process (PID=355) to work on /opt/airflow/dags/updated_etl.py
[2024-09-17T08:39:01.995+0000] {processor.py:830} INFO - Processing file /opt/airflow/dags/updated_etl.py for tasks to queue
[2024-09-17T08:39:02.000+0000] {logging_mixin.py:188} INFO - [2024-09-17T08:39:01.999+0000] {dagbag.py:545} INFO - Filling up the DagBag from /opt/airflow/dags/updated_etl.py
[2024-09-17T08:39:03.534+0000] {processor.py:840} INFO - DAG(s) 'ingest_ecommerce_data' retrieved from /opt/airflow/dags/updated_etl.py
[2024-09-17T08:39:03.897+0000] {logging_mixin.py:188} INFO - [2024-09-17T08:39:03.886+0000] {dag.py:3089} INFO - Sync 1 DAGs
[2024-09-17T08:39:04.089+0000] {logging_mixin.py:188} INFO - [2024-09-17T08:39:04.078+0000] {dag.py:3947} INFO - Setting next_dagrun for ingest_ecommerce_data to 2024-09-17 00:00:00+00:00, run_after=2024-09-18 00:00:00+00:00
[2024-09-17T08:39:04.209+0000] {processor.py:183} INFO - Processing /opt/airflow/dags/updated_etl.py took 2.247 seconds
[2024-09-17T08:39:34.980+0000] {processor.py:161} INFO - Started process (PID=372) to work on /opt/airflow/dags/updated_etl.py
[2024-09-17T08:39:34.981+0000] {processor.py:830} INFO - Processing file /opt/airflow/dags/updated_etl.py for tasks to queue
[2024-09-17T08:39:34.985+0000] {logging_mixin.py:188} INFO - [2024-09-17T08:39:34.984+0000] {dagbag.py:545} INFO - Filling up the DagBag from /opt/airflow/dags/updated_etl.py
[2024-09-17T08:39:35.654+0000] {processor.py:840} INFO - DAG(s) 'ingest_ecommerce_data' retrieved from /opt/airflow/dags/updated_etl.py
[2024-09-17T08:39:35.714+0000] {logging_mixin.py:188} INFO - [2024-09-17T08:39:35.713+0000] {dag.py:3089} INFO - Sync 1 DAGs
[2024-09-17T08:39:35.763+0000] {logging_mixin.py:188} INFO - [2024-09-17T08:39:35.762+0000] {dag.py:3947} INFO - Setting next_dagrun for ingest_ecommerce_data to 2024-09-17 00:00:00+00:00, run_after=2024-09-18 00:00:00+00:00
[2024-09-17T08:39:36.046+0000] {processor.py:183} INFO - Processing /opt/airflow/dags/updated_etl.py took 1.078 seconds
[2024-09-17T08:40:06.566+0000] {processor.py:161} INFO - Started process (PID=391) to work on /opt/airflow/dags/updated_etl.py
[2024-09-17T08:40:06.568+0000] {processor.py:830} INFO - Processing file /opt/airflow/dags/updated_etl.py for tasks to queue
[2024-09-17T08:40:06.571+0000] {logging_mixin.py:188} INFO - [2024-09-17T08:40:06.570+0000] {dagbag.py:545} INFO - Filling up the DagBag from /opt/airflow/dags/updated_etl.py
[2024-09-17T08:40:07.259+0000] {processor.py:840} INFO - DAG(s) 'ingest_ecommerce_data' retrieved from /opt/airflow/dags/updated_etl.py
[2024-09-17T08:40:07.304+0000] {logging_mixin.py:188} INFO - [2024-09-17T08:40:07.304+0000] {dag.py:3089} INFO - Sync 1 DAGs
[2024-09-17T08:40:07.342+0000] {logging_mixin.py:188} INFO - [2024-09-17T08:40:07.341+0000] {dag.py:3947} INFO - Setting next_dagrun for ingest_ecommerce_data to 2024-09-17 00:00:00+00:00, run_after=2024-09-18 00:00:00+00:00
[2024-09-17T08:40:07.373+0000] {processor.py:183} INFO - Processing /opt/airflow/dags/updated_etl.py took 0.817 seconds
[2024-09-17T08:40:38.183+0000] {processor.py:161} INFO - Started process (PID=409) to work on /opt/airflow/dags/updated_etl.py
[2024-09-17T08:40:38.184+0000] {processor.py:830} INFO - Processing file /opt/airflow/dags/updated_etl.py for tasks to queue
[2024-09-17T08:40:38.187+0000] {logging_mixin.py:188} INFO - [2024-09-17T08:40:38.186+0000] {dagbag.py:545} INFO - Filling up the DagBag from /opt/airflow/dags/updated_etl.py
[2024-09-17T08:40:38.791+0000] {processor.py:840} INFO - DAG(s) 'ingest_ecommerce_data' retrieved from /opt/airflow/dags/updated_etl.py
[2024-09-17T08:40:38.835+0000] {logging_mixin.py:188} INFO - [2024-09-17T08:40:38.835+0000] {dag.py:3089} INFO - Sync 1 DAGs
[2024-09-17T08:40:38.872+0000] {logging_mixin.py:188} INFO - [2024-09-17T08:40:38.871+0000] {dag.py:3947} INFO - Setting next_dagrun for ingest_ecommerce_data to 2024-09-17 00:00:00+00:00, run_after=2024-09-18 00:00:00+00:00
[2024-09-17T08:40:38.911+0000] {processor.py:183} INFO - Processing /opt/airflow/dags/updated_etl.py took 0.736 seconds
[2024-09-17T08:41:09.133+0000] {processor.py:161} INFO - Started process (PID=427) to work on /opt/airflow/dags/updated_etl.py
[2024-09-17T08:41:09.135+0000] {processor.py:830} INFO - Processing file /opt/airflow/dags/updated_etl.py for tasks to queue
[2024-09-17T08:41:09.138+0000] {logging_mixin.py:188} INFO - [2024-09-17T08:41:09.138+0000] {dagbag.py:545} INFO - Filling up the DagBag from /opt/airflow/dags/updated_etl.py
[2024-09-17T08:41:09.664+0000] {processor.py:840} INFO - DAG(s) 'ingest_ecommerce_data' retrieved from /opt/airflow/dags/updated_etl.py
[2024-09-17T08:41:09.724+0000] {logging_mixin.py:188} INFO - [2024-09-17T08:41:09.724+0000] {dag.py:3089} INFO - Sync 1 DAGs
[2024-09-17T08:41:09.756+0000] {logging_mixin.py:188} INFO - [2024-09-17T08:41:09.756+0000] {dag.py:3947} INFO - Setting next_dagrun for ingest_ecommerce_data to 2024-09-17 00:00:00+00:00, run_after=2024-09-18 00:00:00+00:00
[2024-09-17T08:41:09.788+0000] {processor.py:183} INFO - Processing /opt/airflow/dags/updated_etl.py took 0.663 seconds
[2024-09-17T08:41:40.281+0000] {processor.py:161} INFO - Started process (PID=445) to work on /opt/airflow/dags/updated_etl.py
[2024-09-17T08:41:40.283+0000] {processor.py:830} INFO - Processing file /opt/airflow/dags/updated_etl.py for tasks to queue
[2024-09-17T08:41:40.286+0000] {logging_mixin.py:188} INFO - [2024-09-17T08:41:40.285+0000] {dagbag.py:545} INFO - Filling up the DagBag from /opt/airflow/dags/updated_etl.py
[2024-09-17T08:41:40.797+0000] {processor.py:840} INFO - DAG(s) 'ingest_ecommerce_data' retrieved from /opt/airflow/dags/updated_etl.py
[2024-09-17T08:41:40.840+0000] {logging_mixin.py:188} INFO - [2024-09-17T08:41:40.839+0000] {dag.py:3089} INFO - Sync 1 DAGs
[2024-09-17T08:41:40.872+0000] {logging_mixin.py:188} INFO - [2024-09-17T08:41:40.872+0000] {dag.py:3947} INFO - Setting next_dagrun for ingest_ecommerce_data to 2024-09-17 00:00:00+00:00, run_after=2024-09-18 00:00:00+00:00
[2024-09-17T08:41:41.085+0000] {processor.py:183} INFO - Processing /opt/airflow/dags/updated_etl.py took 0.812 seconds
[2024-09-17T08:42:11.366+0000] {processor.py:161} INFO - Started process (PID=463) to work on /opt/airflow/dags/updated_etl.py
[2024-09-17T08:42:11.368+0000] {processor.py:830} INFO - Processing file /opt/airflow/dags/updated_etl.py for tasks to queue
[2024-09-17T08:42:11.372+0000] {logging_mixin.py:188} INFO - [2024-09-17T08:42:11.371+0000] {dagbag.py:545} INFO - Filling up the DagBag from /opt/airflow/dags/updated_etl.py
[2024-09-17T08:42:11.901+0000] {processor.py:840} INFO - DAG(s) 'ingest_ecommerce_data' retrieved from /opt/airflow/dags/updated_etl.py
[2024-09-17T08:42:11.945+0000] {logging_mixin.py:188} INFO - [2024-09-17T08:42:11.945+0000] {dag.py:3089} INFO - Sync 1 DAGs
[2024-09-17T08:42:11.982+0000] {logging_mixin.py:188} INFO - [2024-09-17T08:42:11.982+0000] {dag.py:3947} INFO - Setting next_dagrun for ingest_ecommerce_data to 2024-09-17 00:00:00+00:00, run_after=2024-09-18 00:00:00+00:00
[2024-09-17T08:42:12.024+0000] {processor.py:183} INFO - Processing /opt/airflow/dags/updated_etl.py took 0.668 seconds
[2024-09-17T08:42:42.666+0000] {processor.py:161} INFO - Started process (PID=481) to work on /opt/airflow/dags/updated_etl.py
[2024-09-17T08:42:42.668+0000] {processor.py:830} INFO - Processing file /opt/airflow/dags/updated_etl.py for tasks to queue
[2024-09-17T08:42:42.674+0000] {logging_mixin.py:188} INFO - [2024-09-17T08:42:42.673+0000] {dagbag.py:545} INFO - Filling up the DagBag from /opt/airflow/dags/updated_etl.py
[2024-09-17T08:42:43.354+0000] {processor.py:840} INFO - DAG(s) 'ingest_ecommerce_data' retrieved from /opt/airflow/dags/updated_etl.py
[2024-09-17T08:42:43.403+0000] {logging_mixin.py:188} INFO - [2024-09-17T08:42:43.402+0000] {dag.py:3089} INFO - Sync 1 DAGs
[2024-09-17T08:42:43.432+0000] {logging_mixin.py:188} INFO - [2024-09-17T08:42:43.431+0000] {dag.py:3947} INFO - Setting next_dagrun for ingest_ecommerce_data to 2024-09-17 00:00:00+00:00, run_after=2024-09-18 00:00:00+00:00
[2024-09-17T08:42:43.469+0000] {processor.py:183} INFO - Processing /opt/airflow/dags/updated_etl.py took 0.825 seconds
[2024-09-17T08:43:13.926+0000] {processor.py:161} INFO - Started process (PID=499) to work on /opt/airflow/dags/updated_etl.py
[2024-09-17T08:43:13.928+0000] {processor.py:830} INFO - Processing file /opt/airflow/dags/updated_etl.py for tasks to queue
[2024-09-17T08:43:13.931+0000] {logging_mixin.py:188} INFO - [2024-09-17T08:43:13.930+0000] {dagbag.py:545} INFO - Filling up the DagBag from /opt/airflow/dags/updated_etl.py
[2024-09-17T08:43:14.825+0000] {processor.py:840} INFO - DAG(s) 'ingest_ecommerce_data' retrieved from /opt/airflow/dags/updated_etl.py
[2024-09-17T08:43:14.898+0000] {logging_mixin.py:188} INFO - [2024-09-17T08:43:14.897+0000] {dag.py:3089} INFO - Sync 1 DAGs
[2024-09-17T08:43:14.938+0000] {logging_mixin.py:188} INFO - [2024-09-17T08:43:14.938+0000] {dag.py:3947} INFO - Setting next_dagrun for ingest_ecommerce_data to 2024-09-17 00:00:00+00:00, run_after=2024-09-18 00:00:00+00:00
[2024-09-17T08:43:14.978+0000] {processor.py:183} INFO - Processing /opt/airflow/dags/updated_etl.py took 1.062 seconds
[2024-09-17T08:43:45.616+0000] {processor.py:161} INFO - Started process (PID=517) to work on /opt/airflow/dags/updated_etl.py
[2024-09-17T08:43:45.618+0000] {processor.py:830} INFO - Processing file /opt/airflow/dags/updated_etl.py for tasks to queue
[2024-09-17T08:43:45.622+0000] {logging_mixin.py:188} INFO - [2024-09-17T08:43:45.621+0000] {dagbag.py:545} INFO - Filling up the DagBag from /opt/airflow/dags/updated_etl.py
[2024-09-17T08:43:46.351+0000] {processor.py:840} INFO - DAG(s) 'ingest_ecommerce_data' retrieved from /opt/airflow/dags/updated_etl.py
[2024-09-17T08:43:46.405+0000] {logging_mixin.py:188} INFO - [2024-09-17T08:43:46.404+0000] {dag.py:3089} INFO - Sync 1 DAGs
[2024-09-17T08:43:46.451+0000] {logging_mixin.py:188} INFO - [2024-09-17T08:43:46.451+0000] {dag.py:3947} INFO - Setting next_dagrun for ingest_ecommerce_data to 2024-09-17 00:00:00+00:00, run_after=2024-09-18 00:00:00+00:00
[2024-09-17T08:43:46.761+0000] {processor.py:183} INFO - Processing /opt/airflow/dags/updated_etl.py took 1.156 seconds
[2024-09-17T08:44:17.305+0000] {processor.py:161} INFO - Started process (PID=535) to work on /opt/airflow/dags/updated_etl.py
[2024-09-17T08:44:17.307+0000] {processor.py:830} INFO - Processing file /opt/airflow/dags/updated_etl.py for tasks to queue
[2024-09-17T08:44:17.313+0000] {logging_mixin.py:188} INFO - [2024-09-17T08:44:17.312+0000] {dagbag.py:545} INFO - Filling up the DagBag from /opt/airflow/dags/updated_etl.py
[2024-09-17T08:44:18.471+0000] {processor.py:840} INFO - DAG(s) 'ingest_ecommerce_data' retrieved from /opt/airflow/dags/updated_etl.py
[2024-09-17T08:44:18.566+0000] {logging_mixin.py:188} INFO - [2024-09-17T08:44:18.564+0000] {dag.py:3089} INFO - Sync 1 DAGs
[2024-09-17T08:44:18.647+0000] {logging_mixin.py:188} INFO - [2024-09-17T08:44:18.646+0000] {dag.py:3947} INFO - Setting next_dagrun for ingest_ecommerce_data to 2024-09-17 00:00:00+00:00, run_after=2024-09-18 00:00:00+00:00
[2024-09-17T08:44:18.700+0000] {processor.py:183} INFO - Processing /opt/airflow/dags/updated_etl.py took 1.412 seconds
[2024-09-17T08:44:48.954+0000] {processor.py:161} INFO - Started process (PID=553) to work on /opt/airflow/dags/updated_etl.py
[2024-09-17T08:44:48.957+0000] {processor.py:830} INFO - Processing file /opt/airflow/dags/updated_etl.py for tasks to queue
[2024-09-17T08:44:48.962+0000] {logging_mixin.py:188} INFO - [2024-09-17T08:44:48.961+0000] {dagbag.py:545} INFO - Filling up the DagBag from /opt/airflow/dags/updated_etl.py
[2024-09-17T08:44:49.592+0000] {processor.py:840} INFO - DAG(s) 'ingest_ecommerce_data' retrieved from /opt/airflow/dags/updated_etl.py
[2024-09-17T08:44:49.640+0000] {logging_mixin.py:188} INFO - [2024-09-17T08:44:49.639+0000] {dag.py:3089} INFO - Sync 1 DAGs
[2024-09-17T08:44:49.671+0000] {logging_mixin.py:188} INFO - [2024-09-17T08:44:49.671+0000] {dag.py:3947} INFO - Setting next_dagrun for ingest_ecommerce_data to 2024-09-17 00:00:00+00:00, run_after=2024-09-18 00:00:00+00:00
[2024-09-17T08:44:49.715+0000] {processor.py:183} INFO - Processing /opt/airflow/dags/updated_etl.py took 0.775 seconds
[2024-09-17T08:45:19.880+0000] {processor.py:161} INFO - Started process (PID=571) to work on /opt/airflow/dags/updated_etl.py
[2024-09-17T08:45:19.881+0000] {processor.py:830} INFO - Processing file /opt/airflow/dags/updated_etl.py for tasks to queue
[2024-09-17T08:45:19.885+0000] {logging_mixin.py:188} INFO - [2024-09-17T08:45:19.885+0000] {dagbag.py:545} INFO - Filling up the DagBag from /opt/airflow/dags/updated_etl.py
[2024-09-17T08:45:20.408+0000] {processor.py:840} INFO - DAG(s) 'ingest_ecommerce_data' retrieved from /opt/airflow/dags/updated_etl.py
[2024-09-17T08:45:20.452+0000] {logging_mixin.py:188} INFO - [2024-09-17T08:45:20.451+0000] {dag.py:3089} INFO - Sync 1 DAGs
[2024-09-17T08:45:20.484+0000] {logging_mixin.py:188} INFO - [2024-09-17T08:45:20.484+0000] {dag.py:3947} INFO - Setting next_dagrun for ingest_ecommerce_data to 2024-09-17 00:00:00+00:00, run_after=2024-09-18 00:00:00+00:00
[2024-09-17T08:45:20.524+0000] {processor.py:183} INFO - Processing /opt/airflow/dags/updated_etl.py took 0.653 seconds
[2024-09-17T08:45:50.978+0000] {processor.py:161} INFO - Started process (PID=589) to work on /opt/airflow/dags/updated_etl.py
[2024-09-17T08:45:50.981+0000] {processor.py:830} INFO - Processing file /opt/airflow/dags/updated_etl.py for tasks to queue
[2024-09-17T08:45:50.985+0000] {logging_mixin.py:188} INFO - [2024-09-17T08:45:50.984+0000] {dagbag.py:545} INFO - Filling up the DagBag from /opt/airflow/dags/updated_etl.py
[2024-09-17T08:45:51.556+0000] {processor.py:840} INFO - DAG(s) 'ingest_ecommerce_data' retrieved from /opt/airflow/dags/updated_etl.py
[2024-09-17T08:45:51.614+0000] {logging_mixin.py:188} INFO - [2024-09-17T08:45:51.613+0000] {dag.py:3089} INFO - Sync 1 DAGs
[2024-09-17T08:45:51.669+0000] {logging_mixin.py:188} INFO - [2024-09-17T08:45:51.669+0000] {dag.py:3947} INFO - Setting next_dagrun for ingest_ecommerce_data to 2024-09-17 00:00:00+00:00, run_after=2024-09-18 00:00:00+00:00
[2024-09-17T08:45:51.894+0000] {processor.py:183} INFO - Processing /opt/airflow/dags/updated_etl.py took 0.924 seconds
[2024-09-17T08:46:22.058+0000] {processor.py:161} INFO - Started process (PID=607) to work on /opt/airflow/dags/updated_etl.py
[2024-09-17T08:46:22.059+0000] {processor.py:830} INFO - Processing file /opt/airflow/dags/updated_etl.py for tasks to queue
[2024-09-17T08:46:22.064+0000] {logging_mixin.py:188} INFO - [2024-09-17T08:46:22.063+0000] {dagbag.py:545} INFO - Filling up the DagBag from /opt/airflow/dags/updated_etl.py
[2024-09-17T08:46:22.574+0000] {processor.py:840} INFO - DAG(s) 'ingest_ecommerce_data' retrieved from /opt/airflow/dags/updated_etl.py
[2024-09-17T08:46:22.624+0000] {logging_mixin.py:188} INFO - [2024-09-17T08:46:22.624+0000] {dag.py:3089} INFO - Sync 1 DAGs
[2024-09-17T08:46:22.845+0000] {logging_mixin.py:188} INFO - [2024-09-17T08:46:22.845+0000] {dag.py:3947} INFO - Setting next_dagrun for ingest_ecommerce_data to 2024-09-17 00:00:00+00:00, run_after=2024-09-18 00:00:00+00:00
[2024-09-17T08:46:22.884+0000] {processor.py:183} INFO - Processing /opt/airflow/dags/updated_etl.py took 0.837 seconds
[2024-09-17T08:46:53.333+0000] {processor.py:161} INFO - Started process (PID=625) to work on /opt/airflow/dags/updated_etl.py
[2024-09-17T08:46:53.334+0000] {processor.py:830} INFO - Processing file /opt/airflow/dags/updated_etl.py for tasks to queue
[2024-09-17T08:46:53.337+0000] {logging_mixin.py:188} INFO - [2024-09-17T08:46:53.337+0000] {dagbag.py:545} INFO - Filling up the DagBag from /opt/airflow/dags/updated_etl.py
[2024-09-17T08:46:53.863+0000] {processor.py:840} INFO - DAG(s) 'ingest_ecommerce_data' retrieved from /opt/airflow/dags/updated_etl.py
[2024-09-17T08:46:53.910+0000] {logging_mixin.py:188} INFO - [2024-09-17T08:46:53.909+0000] {dag.py:3089} INFO - Sync 1 DAGs
[2024-09-17T08:46:53.943+0000] {logging_mixin.py:188} INFO - [2024-09-17T08:46:53.943+0000] {dag.py:3947} INFO - Setting next_dagrun for ingest_ecommerce_data to 2024-09-17 00:00:00+00:00, run_after=2024-09-18 00:00:00+00:00
[2024-09-17T08:46:53.984+0000] {processor.py:183} INFO - Processing /opt/airflow/dags/updated_etl.py took 0.666 seconds
[2024-09-17T08:47:24.349+0000] {processor.py:161} INFO - Started process (PID=643) to work on /opt/airflow/dags/updated_etl.py
[2024-09-17T08:47:24.351+0000] {processor.py:830} INFO - Processing file /opt/airflow/dags/updated_etl.py for tasks to queue
[2024-09-17T08:47:24.354+0000] {logging_mixin.py:188} INFO - [2024-09-17T08:47:24.353+0000] {dagbag.py:545} INFO - Filling up the DagBag from /opt/airflow/dags/updated_etl.py
[2024-09-17T08:47:25.032+0000] {processor.py:840} INFO - DAG(s) 'ingest_ecommerce_data' retrieved from /opt/airflow/dags/updated_etl.py
[2024-09-17T08:47:25.079+0000] {logging_mixin.py:188} INFO - [2024-09-17T08:47:25.078+0000] {dag.py:3089} INFO - Sync 1 DAGs
[2024-09-17T08:47:25.117+0000] {logging_mixin.py:188} INFO - [2024-09-17T08:47:25.116+0000] {dag.py:3947} INFO - Setting next_dagrun for ingest_ecommerce_data to 2024-09-17 00:00:00+00:00, run_after=2024-09-18 00:00:00+00:00
[2024-09-17T08:47:25.156+0000] {processor.py:183} INFO - Processing /opt/airflow/dags/updated_etl.py took 0.816 seconds
[2024-09-17T08:47:55.807+0000] {processor.py:161} INFO - Started process (PID=661) to work on /opt/airflow/dags/updated_etl.py
[2024-09-17T08:47:55.809+0000] {processor.py:830} INFO - Processing file /opt/airflow/dags/updated_etl.py for tasks to queue
[2024-09-17T08:47:55.812+0000] {logging_mixin.py:188} INFO - [2024-09-17T08:47:55.811+0000] {dagbag.py:545} INFO - Filling up the DagBag from /opt/airflow/dags/updated_etl.py
[2024-09-17T08:47:56.702+0000] {processor.py:840} INFO - DAG(s) 'ingest_ecommerce_data' retrieved from /opt/airflow/dags/updated_etl.py
[2024-09-17T08:47:56.763+0000] {logging_mixin.py:188} INFO - [2024-09-17T08:47:56.762+0000] {dag.py:3089} INFO - Sync 1 DAGs
[2024-09-17T08:47:56.802+0000] {logging_mixin.py:188} INFO - [2024-09-17T08:47:56.802+0000] {dag.py:3947} INFO - Setting next_dagrun for ingest_ecommerce_data to 2024-09-17 00:00:00+00:00, run_after=2024-09-18 00:00:00+00:00
[2024-09-17T08:47:57.714+0000] {processor.py:183} INFO - Processing /opt/airflow/dags/updated_etl.py took 1.926 seconds
[2024-09-17T08:48:28.028+0000] {processor.py:161} INFO - Started process (PID=679) to work on /opt/airflow/dags/updated_etl.py
[2024-09-17T08:48:28.031+0000] {processor.py:830} INFO - Processing file /opt/airflow/dags/updated_etl.py for tasks to queue
[2024-09-17T08:48:28.034+0000] {logging_mixin.py:188} INFO - [2024-09-17T08:48:28.033+0000] {dagbag.py:545} INFO - Filling up the DagBag from /opt/airflow/dags/updated_etl.py
[2024-09-17T08:48:28.799+0000] {processor.py:840} INFO - DAG(s) 'ingest_ecommerce_data' retrieved from /opt/airflow/dags/updated_etl.py
[2024-09-17T08:48:28.871+0000] {logging_mixin.py:188} INFO - [2024-09-17T08:48:28.870+0000] {dag.py:3089} INFO - Sync 1 DAGs
[2024-09-17T08:48:29.291+0000] {logging_mixin.py:188} INFO - [2024-09-17T08:48:29.291+0000] {dag.py:3947} INFO - Setting next_dagrun for ingest_ecommerce_data to 2024-09-17 00:00:00+00:00, run_after=2024-09-18 00:00:00+00:00
[2024-09-17T08:48:29.338+0000] {processor.py:183} INFO - Processing /opt/airflow/dags/updated_etl.py took 1.321 seconds
[2024-09-17T08:49:00.338+0000] {processor.py:161} INFO - Started process (PID=703) to work on /opt/airflow/dags/updated_etl.py
[2024-09-17T08:49:00.344+0000] {processor.py:830} INFO - Processing file /opt/airflow/dags/updated_etl.py for tasks to queue
[2024-09-17T08:49:00.349+0000] {logging_mixin.py:188} INFO - [2024-09-17T08:49:00.349+0000] {dagbag.py:545} INFO - Filling up the DagBag from /opt/airflow/dags/updated_etl.py
[2024-09-17T08:49:01.127+0000] {processor.py:840} INFO - DAG(s) 'ingest_ecommerce_data' retrieved from /opt/airflow/dags/updated_etl.py
[2024-09-17T08:49:01.188+0000] {logging_mixin.py:188} INFO - [2024-09-17T08:49:01.188+0000] {dag.py:3089} INFO - Sync 1 DAGs
[2024-09-17T08:49:01.235+0000] {logging_mixin.py:188} INFO - [2024-09-17T08:49:01.235+0000] {dag.py:3947} INFO - Setting next_dagrun for ingest_ecommerce_data to 2024-09-17 00:00:00+00:00, run_after=2024-09-18 00:00:00+00:00
[2024-09-17T08:49:01.269+0000] {processor.py:183} INFO - Processing /opt/airflow/dags/updated_etl.py took 0.955 seconds
[2024-09-17T08:49:31.751+0000] {processor.py:161} INFO - Started process (PID=721) to work on /opt/airflow/dags/updated_etl.py
[2024-09-17T08:49:31.757+0000] {processor.py:830} INFO - Processing file /opt/airflow/dags/updated_etl.py for tasks to queue
[2024-09-17T08:49:31.765+0000] {logging_mixin.py:188} INFO - [2024-09-17T08:49:31.762+0000] {dagbag.py:545} INFO - Filling up the DagBag from /opt/airflow/dags/updated_etl.py
[2024-09-17T08:49:32.624+0000] {processor.py:840} INFO - DAG(s) 'ingest_ecommerce_data' retrieved from /opt/airflow/dags/updated_etl.py
[2024-09-17T08:49:32.714+0000] {logging_mixin.py:188} INFO - [2024-09-17T08:49:32.712+0000] {dag.py:3089} INFO - Sync 1 DAGs
[2024-09-17T08:49:32.786+0000] {logging_mixin.py:188} INFO - [2024-09-17T08:49:32.785+0000] {dag.py:3947} INFO - Setting next_dagrun for ingest_ecommerce_data to 2024-09-17 00:00:00+00:00, run_after=2024-09-18 00:00:00+00:00
[2024-09-17T08:49:32.835+0000] {processor.py:183} INFO - Processing /opt/airflow/dags/updated_etl.py took 1.105 seconds
[2024-09-17T08:50:03.204+0000] {processor.py:161} INFO - Started process (PID=739) to work on /opt/airflow/dags/updated_etl.py
[2024-09-17T08:50:03.205+0000] {processor.py:830} INFO - Processing file /opt/airflow/dags/updated_etl.py for tasks to queue
[2024-09-17T08:50:03.209+0000] {logging_mixin.py:188} INFO - [2024-09-17T08:50:03.208+0000] {dagbag.py:545} INFO - Filling up the DagBag from /opt/airflow/dags/updated_etl.py
[2024-09-17T08:50:03.709+0000] {processor.py:840} INFO - DAG(s) 'ingest_ecommerce_data' retrieved from /opt/airflow/dags/updated_etl.py
[2024-09-17T08:50:03.752+0000] {logging_mixin.py:188} INFO - [2024-09-17T08:50:03.751+0000] {dag.py:3089} INFO - Sync 1 DAGs
[2024-09-17T08:50:03.780+0000] {logging_mixin.py:188} INFO - [2024-09-17T08:50:03.780+0000] {dag.py:3947} INFO - Setting next_dagrun for ingest_ecommerce_data to 2024-09-17 00:00:00+00:00, run_after=2024-09-18 00:00:00+00:00
[2024-09-17T08:50:03.821+0000] {processor.py:183} INFO - Processing /opt/airflow/dags/updated_etl.py took 0.627 seconds
[2024-09-17T08:50:33.922+0000] {processor.py:161} INFO - Started process (PID=758) to work on /opt/airflow/dags/updated_etl.py
[2024-09-17T08:50:33.924+0000] {processor.py:830} INFO - Processing file /opt/airflow/dags/updated_etl.py for tasks to queue
[2024-09-17T08:50:33.927+0000] {logging_mixin.py:188} INFO - [2024-09-17T08:50:33.927+0000] {dagbag.py:545} INFO - Filling up the DagBag from /opt/airflow/dags/updated_etl.py
[2024-09-17T08:50:34.537+0000] {processor.py:840} INFO - DAG(s) 'ingest_ecommerce_data' retrieved from /opt/airflow/dags/updated_etl.py
[2024-09-17T08:50:34.641+0000] {logging_mixin.py:188} INFO - [2024-09-17T08:50:34.640+0000] {dag.py:3089} INFO - Sync 1 DAGs
[2024-09-17T08:50:35.416+0000] {logging_mixin.py:188} INFO - [2024-09-17T08:50:35.406+0000] {dag.py:3947} INFO - Setting next_dagrun for ingest_ecommerce_data to 2024-09-17 00:00:00+00:00, run_after=2024-09-18 00:00:00+00:00
[2024-09-17T08:50:35.712+0000] {processor.py:183} INFO - Processing /opt/airflow/dags/updated_etl.py took 1.800 seconds
[2024-09-17T08:51:06.772+0000] {processor.py:161} INFO - Started process (PID=777) to work on /opt/airflow/dags/updated_etl.py
[2024-09-17T08:51:06.774+0000] {processor.py:830} INFO - Processing file /opt/airflow/dags/updated_etl.py for tasks to queue
[2024-09-17T08:51:06.779+0000] {logging_mixin.py:188} INFO - [2024-09-17T08:51:06.778+0000] {dagbag.py:545} INFO - Filling up the DagBag from /opt/airflow/dags/updated_etl.py
[2024-09-17T08:51:07.331+0000] {processor.py:840} INFO - DAG(s) 'ingest_ecommerce_data' retrieved from /opt/airflow/dags/updated_etl.py
[2024-09-17T08:51:07.379+0000] {logging_mixin.py:188} INFO - [2024-09-17T08:51:07.378+0000] {dag.py:3089} INFO - Sync 1 DAGs
[2024-09-17T08:51:07.415+0000] {logging_mixin.py:188} INFO - [2024-09-17T08:51:07.414+0000] {dag.py:3947} INFO - Setting next_dagrun for ingest_ecommerce_data to 2024-09-17 00:00:00+00:00, run_after=2024-09-18 00:00:00+00:00
[2024-09-17T08:51:07.448+0000] {processor.py:183} INFO - Processing /opt/airflow/dags/updated_etl.py took 0.686 seconds
[2024-09-17T08:51:38.024+0000] {processor.py:161} INFO - Started process (PID=796) to work on /opt/airflow/dags/updated_etl.py
[2024-09-17T08:51:38.026+0000] {processor.py:830} INFO - Processing file /opt/airflow/dags/updated_etl.py for tasks to queue
[2024-09-17T08:51:38.029+0000] {logging_mixin.py:188} INFO - [2024-09-17T08:51:38.028+0000] {dagbag.py:545} INFO - Filling up the DagBag from /opt/airflow/dags/updated_etl.py
[2024-09-17T08:51:38.588+0000] {processor.py:840} INFO - DAG(s) 'ingest_ecommerce_data' retrieved from /opt/airflow/dags/updated_etl.py
[2024-09-17T08:51:38.631+0000] {logging_mixin.py:188} INFO - [2024-09-17T08:51:38.631+0000] {dag.py:3089} INFO - Sync 1 DAGs
[2024-09-17T08:51:38.664+0000] {logging_mixin.py:188} INFO - [2024-09-17T08:51:38.663+0000] {dag.py:3947} INFO - Setting next_dagrun for ingest_ecommerce_data to 2024-09-17 00:00:00+00:00, run_after=2024-09-18 00:00:00+00:00
[2024-09-17T08:51:38.702+0000] {processor.py:183} INFO - Processing /opt/airflow/dags/updated_etl.py took 0.688 seconds
[2024-09-17T08:52:08.893+0000] {processor.py:161} INFO - Started process (PID=814) to work on /opt/airflow/dags/updated_etl.py
[2024-09-17T08:52:08.896+0000] {processor.py:830} INFO - Processing file /opt/airflow/dags/updated_etl.py for tasks to queue
[2024-09-17T08:52:08.900+0000] {logging_mixin.py:188} INFO - [2024-09-17T08:52:08.899+0000] {dagbag.py:545} INFO - Filling up the DagBag from /opt/airflow/dags/updated_etl.py
[2024-09-17T08:52:09.791+0000] {processor.py:840} INFO - DAG(s) 'ingest_ecommerce_data' retrieved from /opt/airflow/dags/updated_etl.py
[2024-09-17T08:52:09.885+0000] {logging_mixin.py:188} INFO - [2024-09-17T08:52:09.884+0000] {dag.py:3089} INFO - Sync 1 DAGs
[2024-09-17T08:52:09.956+0000] {logging_mixin.py:188} INFO - [2024-09-17T08:52:09.955+0000] {dag.py:3947} INFO - Setting next_dagrun for ingest_ecommerce_data to 2024-09-17 00:00:00+00:00, run_after=2024-09-18 00:00:00+00:00
[2024-09-17T08:52:10.005+0000] {processor.py:183} INFO - Processing /opt/airflow/dags/updated_etl.py took 1.125 seconds
[2024-09-17T08:52:40.508+0000] {processor.py:161} INFO - Started process (PID=832) to work on /opt/airflow/dags/updated_etl.py
[2024-09-17T08:52:40.510+0000] {processor.py:830} INFO - Processing file /opt/airflow/dags/updated_etl.py for tasks to queue
[2024-09-17T08:52:40.513+0000] {logging_mixin.py:188} INFO - [2024-09-17T08:52:40.512+0000] {dagbag.py:545} INFO - Filling up the DagBag from /opt/airflow/dags/updated_etl.py
[2024-09-17T08:52:41.189+0000] {processor.py:840} INFO - DAG(s) 'ingest_ecommerce_data' retrieved from /opt/airflow/dags/updated_etl.py
[2024-09-17T08:52:41.251+0000] {logging_mixin.py:188} INFO - [2024-09-17T08:52:41.250+0000] {dag.py:3089} INFO - Sync 1 DAGs
[2024-09-17T08:52:41.588+0000] {logging_mixin.py:188} INFO - [2024-09-17T08:52:41.588+0000] {dag.py:3947} INFO - Setting next_dagrun for ingest_ecommerce_data to 2024-09-17 00:00:00+00:00, run_after=2024-09-18 00:00:00+00:00
[2024-09-17T08:52:41.624+0000] {processor.py:183} INFO - Processing /opt/airflow/dags/updated_etl.py took 1.126 seconds
[2024-09-17T08:53:11.920+0000] {processor.py:161} INFO - Started process (PID=850) to work on /opt/airflow/dags/updated_etl.py
[2024-09-17T08:53:11.922+0000] {processor.py:830} INFO - Processing file /opt/airflow/dags/updated_etl.py for tasks to queue
[2024-09-17T08:53:11.926+0000] {logging_mixin.py:188} INFO - [2024-09-17T08:53:11.926+0000] {dagbag.py:545} INFO - Filling up the DagBag from /opt/airflow/dags/updated_etl.py
[2024-09-17T08:53:12.766+0000] {processor.py:840} INFO - DAG(s) 'ingest_ecommerce_data' retrieved from /opt/airflow/dags/updated_etl.py
[2024-09-17T08:53:12.858+0000] {logging_mixin.py:188} INFO - [2024-09-17T08:53:12.856+0000] {dag.py:3089} INFO - Sync 1 DAGs
[2024-09-17T08:53:12.915+0000] {logging_mixin.py:188} INFO - [2024-09-17T08:53:12.914+0000] {dag.py:3947} INFO - Setting next_dagrun for ingest_ecommerce_data to 2024-09-17 00:00:00+00:00, run_after=2024-09-18 00:00:00+00:00
[2024-09-17T08:53:12.954+0000] {processor.py:183} INFO - Processing /opt/airflow/dags/updated_etl.py took 1.053 seconds
[2024-09-17T08:53:43.451+0000] {processor.py:161} INFO - Started process (PID=868) to work on /opt/airflow/dags/updated_etl.py
[2024-09-17T08:53:43.456+0000] {processor.py:830} INFO - Processing file /opt/airflow/dags/updated_etl.py for tasks to queue
[2024-09-17T08:53:43.459+0000] {logging_mixin.py:188} INFO - [2024-09-17T08:53:43.458+0000] {dagbag.py:545} INFO - Filling up the DagBag from /opt/airflow/dags/updated_etl.py
[2024-09-17T08:53:44.013+0000] {processor.py:840} INFO - DAG(s) 'ingest_ecommerce_data' retrieved from /opt/airflow/dags/updated_etl.py
[2024-09-17T08:53:44.067+0000] {logging_mixin.py:188} INFO - [2024-09-17T08:53:44.066+0000] {dag.py:3089} INFO - Sync 1 DAGs
[2024-09-17T08:53:44.107+0000] {logging_mixin.py:188} INFO - [2024-09-17T08:53:44.106+0000] {dag.py:3947} INFO - Setting next_dagrun for ingest_ecommerce_data to 2024-09-17 00:00:00+00:00, run_after=2024-09-18 00:00:00+00:00
[2024-09-17T08:53:44.148+0000] {processor.py:183} INFO - Processing /opt/airflow/dags/updated_etl.py took 0.718 seconds
[2024-09-17T08:54:14.284+0000] {processor.py:161} INFO - Started process (PID=887) to work on /opt/airflow/dags/updated_etl.py
[2024-09-17T08:54:14.286+0000] {processor.py:830} INFO - Processing file /opt/airflow/dags/updated_etl.py for tasks to queue
[2024-09-17T08:54:14.288+0000] {logging_mixin.py:188} INFO - [2024-09-17T08:54:14.288+0000] {dagbag.py:545} INFO - Filling up the DagBag from /opt/airflow/dags/updated_etl.py
[2024-09-17T08:54:14.823+0000] {processor.py:840} INFO - DAG(s) 'ingest_ecommerce_data' retrieved from /opt/airflow/dags/updated_etl.py
[2024-09-17T08:54:14.868+0000] {logging_mixin.py:188} INFO - [2024-09-17T08:54:14.867+0000] {dag.py:3089} INFO - Sync 1 DAGs
[2024-09-17T08:54:14.902+0000] {logging_mixin.py:188} INFO - [2024-09-17T08:54:14.902+0000] {dag.py:3947} INFO - Setting next_dagrun for ingest_ecommerce_data to 2024-09-17 00:00:00+00:00, run_after=2024-09-18 00:00:00+00:00
[2024-09-17T08:54:15.149+0000] {processor.py:183} INFO - Processing /opt/airflow/dags/updated_etl.py took 0.881 seconds
[2024-09-17T08:54:46.005+0000] {processor.py:161} INFO - Started process (PID=905) to work on /opt/airflow/dags/updated_etl.py
[2024-09-17T08:54:46.007+0000] {processor.py:830} INFO - Processing file /opt/airflow/dags/updated_etl.py for tasks to queue
[2024-09-17T08:54:46.011+0000] {logging_mixin.py:188} INFO - [2024-09-17T08:54:46.010+0000] {dagbag.py:545} INFO - Filling up the DagBag from /opt/airflow/dags/updated_etl.py
[2024-09-17T08:54:46.705+0000] {processor.py:840} INFO - DAG(s) 'ingest_ecommerce_data' retrieved from /opt/airflow/dags/updated_etl.py
[2024-09-17T08:54:46.754+0000] {logging_mixin.py:188} INFO - [2024-09-17T08:54:46.753+0000] {dag.py:3089} INFO - Sync 1 DAGs
[2024-09-17T08:54:47.061+0000] {logging_mixin.py:188} INFO - [2024-09-17T08:54:47.061+0000] {dag.py:3947} INFO - Setting next_dagrun for ingest_ecommerce_data to 2024-09-17 00:00:00+00:00, run_after=2024-09-18 00:00:00+00:00
[2024-09-17T08:54:47.123+0000] {processor.py:183} INFO - Processing /opt/airflow/dags/updated_etl.py took 1.131 seconds
[2024-09-17T08:55:17.722+0000] {processor.py:161} INFO - Started process (PID=923) to work on /opt/airflow/dags/updated_etl.py
[2024-09-17T08:55:17.724+0000] {processor.py:830} INFO - Processing file /opt/airflow/dags/updated_etl.py for tasks to queue
[2024-09-17T08:55:17.729+0000] {logging_mixin.py:188} INFO - [2024-09-17T08:55:17.728+0000] {dagbag.py:545} INFO - Filling up the DagBag from /opt/airflow/dags/updated_etl.py
[2024-09-17T08:55:18.303+0000] {processor.py:840} INFO - DAG(s) 'ingest_ecommerce_data' retrieved from /opt/airflow/dags/updated_etl.py
[2024-09-17T08:55:18.349+0000] {logging_mixin.py:188} INFO - [2024-09-17T08:55:18.348+0000] {dag.py:3089} INFO - Sync 1 DAGs
[2024-09-17T08:55:18.386+0000] {logging_mixin.py:188} INFO - [2024-09-17T08:55:18.386+0000] {dag.py:3947} INFO - Setting next_dagrun for ingest_ecommerce_data to 2024-09-17 00:00:00+00:00, run_after=2024-09-18 00:00:00+00:00
[2024-09-17T08:55:18.436+0000] {processor.py:183} INFO - Processing /opt/airflow/dags/updated_etl.py took 0.724 seconds
