[2024-09-12T06:36:58.943+0000] {processor.py:161} INFO - Started process (PID=3084) to work on /opt/airflow/dags/updated_etl.py
[2024-09-12T06:36:58.994+0000] {processor.py:830} INFO - Processing file /opt/airflow/dags/updated_etl.py for tasks to queue
[2024-09-12T06:36:59.131+0000] {logging_mixin.py:188} INFO - [2024-09-12T06:36:59.130+0000] {dagbag.py:545} INFO - Filling up the DagBag from /opt/airflow/dags/updated_etl.py
[2024-09-12T06:37:13.896+0000] {processor.py:840} INFO - DAG(s) 'ingest_ecommerce_data' retrieved from /opt/airflow/dags/updated_etl.py
[2024-09-12T06:37:15.664+0000] {logging_mixin.py:188} INFO - [2024-09-12T06:37:15.662+0000] {dag.py:3089} INFO - Sync 1 DAGs
[2024-09-12T06:37:16.378+0000] {logging_mixin.py:188} INFO - [2024-09-12T06:37:16.377+0000] {dag.py:3947} INFO - Setting next_dagrun for ingest_ecommerce_data to 2024-09-12 00:00:00+00:00, run_after=2024-09-13 00:00:00+00:00
[2024-09-12T06:37:17.271+0000] {processor.py:183} INFO - Processing /opt/airflow/dags/updated_etl.py took 16.874 seconds
[2024-09-12T06:37:50.812+0000] {processor.py:161} INFO - Started process (PID=3135) to work on /opt/airflow/dags/updated_etl.py
[2024-09-12T06:37:50.881+0000] {processor.py:830} INFO - Processing file /opt/airflow/dags/updated_etl.py for tasks to queue
[2024-09-12T06:37:50.944+0000] {logging_mixin.py:188} INFO - [2024-09-12T06:37:50.943+0000] {dagbag.py:545} INFO - Filling up the DagBag from /opt/airflow/dags/updated_etl.py
[2024-09-12T06:37:57.451+0000] {processor.py:840} INFO - DAG(s) 'ingest_ecommerce_data' retrieved from /opt/airflow/dags/updated_etl.py
[2024-09-12T06:37:57.718+0000] {logging_mixin.py:188} INFO - [2024-09-12T06:37:57.717+0000] {dag.py:3089} INFO - Sync 1 DAGs
[2024-09-12T06:37:57.877+0000] {logging_mixin.py:188} INFO - [2024-09-12T06:37:57.877+0000] {dag.py:3947} INFO - Setting next_dagrun for ingest_ecommerce_data to 2024-09-12 00:00:00+00:00, run_after=2024-09-13 00:00:00+00:00
[2024-09-12T06:37:58.090+0000] {processor.py:183} INFO - Processing /opt/airflow/dags/updated_etl.py took 7.344 seconds
[2024-09-12T06:38:28.498+0000] {processor.py:161} INFO - Started process (PID=3153) to work on /opt/airflow/dags/updated_etl.py
[2024-09-12T06:38:28.500+0000] {processor.py:830} INFO - Processing file /opt/airflow/dags/updated_etl.py for tasks to queue
[2024-09-12T06:38:28.505+0000] {logging_mixin.py:188} INFO - [2024-09-12T06:38:28.504+0000] {dagbag.py:545} INFO - Filling up the DagBag from /opt/airflow/dags/updated_etl.py
[2024-09-12T06:38:29.971+0000] {processor.py:840} INFO - DAG(s) 'ingest_ecommerce_data' retrieved from /opt/airflow/dags/updated_etl.py
[2024-09-12T06:38:30.086+0000] {logging_mixin.py:188} INFO - [2024-09-12T06:38:30.085+0000] {dag.py:3089} INFO - Sync 1 DAGs
[2024-09-12T06:38:30.168+0000] {logging_mixin.py:188} INFO - [2024-09-12T06:38:30.167+0000] {dag.py:3947} INFO - Setting next_dagrun for ingest_ecommerce_data to 2024-09-12 00:00:00+00:00, run_after=2024-09-13 00:00:00+00:00
[2024-09-12T06:38:30.239+0000] {processor.py:183} INFO - Processing /opt/airflow/dags/updated_etl.py took 1.758 seconds
[2024-09-12T14:21:57.925+0000] {processor.py:161} INFO - Started process (PID=170) to work on /opt/airflow/dags/updated_etl.py
[2024-09-12T14:21:57.933+0000] {processor.py:830} INFO - Processing file /opt/airflow/dags/updated_etl.py for tasks to queue
[2024-09-12T14:21:57.948+0000] {logging_mixin.py:188} INFO - [2024-09-12T14:21:57.945+0000] {dagbag.py:545} INFO - Filling up the DagBag from /opt/airflow/dags/updated_etl.py
[2024-09-12T14:22:02.654+0000] {processor.py:840} INFO - DAG(s) 'ingest_ecommerce_data' retrieved from /opt/airflow/dags/updated_etl.py
[2024-09-12T14:22:03.207+0000] {logging_mixin.py:188} INFO - [2024-09-12T14:22:03.206+0000] {dag.py:3089} INFO - Sync 1 DAGs
[2024-09-12T14:22:03.461+0000] {logging_mixin.py:188} INFO - [2024-09-12T14:22:03.461+0000] {dag.py:3947} INFO - Setting next_dagrun for ingest_ecommerce_data to 2024-09-12 00:00:00+00:00, run_after=2024-09-13 00:00:00+00:00
[2024-09-12T14:22:03.556+0000] {processor.py:183} INFO - Processing /opt/airflow/dags/updated_etl.py took 5.689 seconds
[2024-09-12T14:22:34.525+0000] {processor.py:161} INFO - Started process (PID=215) to work on /opt/airflow/dags/updated_etl.py
[2024-09-12T14:22:34.533+0000] {processor.py:830} INFO - Processing file /opt/airflow/dags/updated_etl.py for tasks to queue
[2024-09-12T14:22:34.536+0000] {logging_mixin.py:188} INFO - [2024-09-12T14:22:34.536+0000] {dagbag.py:545} INFO - Filling up the DagBag from /opt/airflow/dags/updated_etl.py
[2024-09-12T14:22:35.902+0000] {processor.py:840} INFO - DAG(s) 'ingest_ecommerce_data' retrieved from /opt/airflow/dags/updated_etl.py
[2024-09-12T14:22:36.014+0000] {logging_mixin.py:188} INFO - [2024-09-12T14:22:36.014+0000] {dag.py:3089} INFO - Sync 1 DAGs
[2024-09-12T14:22:36.089+0000] {logging_mixin.py:188} INFO - [2024-09-12T14:22:36.086+0000] {dag.py:3947} INFO - Setting next_dagrun for ingest_ecommerce_data to 2024-09-12 00:00:00+00:00, run_after=2024-09-13 00:00:00+00:00
[2024-09-12T14:22:36.233+0000] {processor.py:183} INFO - Processing /opt/airflow/dags/updated_etl.py took 1.725 seconds
[2024-09-12T14:23:07.068+0000] {processor.py:161} INFO - Started process (PID=233) to work on /opt/airflow/dags/updated_etl.py
[2024-09-12T14:23:07.070+0000] {processor.py:830} INFO - Processing file /opt/airflow/dags/updated_etl.py for tasks to queue
[2024-09-12T14:23:07.080+0000] {logging_mixin.py:188} INFO - [2024-09-12T14:23:07.079+0000] {dagbag.py:545} INFO - Filling up the DagBag from /opt/airflow/dags/updated_etl.py
[2024-09-12T14:23:07.813+0000] {processor.py:840} INFO - DAG(s) 'ingest_ecommerce_data' retrieved from /opt/airflow/dags/updated_etl.py
[2024-09-12T14:23:07.870+0000] {logging_mixin.py:188} INFO - [2024-09-12T14:23:07.870+0000] {dag.py:3089} INFO - Sync 1 DAGs
[2024-09-12T14:23:07.924+0000] {logging_mixin.py:188} INFO - [2024-09-12T14:23:07.923+0000] {dag.py:3947} INFO - Setting next_dagrun for ingest_ecommerce_data to 2024-09-12 00:00:00+00:00, run_after=2024-09-13 00:00:00+00:00
[2024-09-12T14:23:07.964+0000] {processor.py:183} INFO - Processing /opt/airflow/dags/updated_etl.py took 0.915 seconds
[2024-09-12T14:23:38.125+0000] {processor.py:161} INFO - Started process (PID=251) to work on /opt/airflow/dags/updated_etl.py
[2024-09-12T14:23:38.127+0000] {processor.py:830} INFO - Processing file /opt/airflow/dags/updated_etl.py for tasks to queue
[2024-09-12T14:23:38.131+0000] {logging_mixin.py:188} INFO - [2024-09-12T14:23:38.130+0000] {dagbag.py:545} INFO - Filling up the DagBag from /opt/airflow/dags/updated_etl.py
[2024-09-12T14:23:39.704+0000] {processor.py:840} INFO - DAG(s) 'ingest_ecommerce_data' retrieved from /opt/airflow/dags/updated_etl.py
[2024-09-12T14:23:39.756+0000] {logging_mixin.py:188} INFO - [2024-09-12T14:23:39.755+0000] {dag.py:3089} INFO - Sync 1 DAGs
[2024-09-12T14:23:39.791+0000] {logging_mixin.py:188} INFO - [2024-09-12T14:23:39.790+0000] {dag.py:3947} INFO - Setting next_dagrun for ingest_ecommerce_data to 2024-09-12 00:00:00+00:00, run_after=2024-09-13 00:00:00+00:00
[2024-09-12T14:23:39.823+0000] {processor.py:183} INFO - Processing /opt/airflow/dags/updated_etl.py took 1.709 seconds
[2024-09-12T14:24:10.852+0000] {processor.py:161} INFO - Started process (PID=269) to work on /opt/airflow/dags/updated_etl.py
[2024-09-12T14:24:10.855+0000] {processor.py:830} INFO - Processing file /opt/airflow/dags/updated_etl.py for tasks to queue
[2024-09-12T14:24:10.865+0000] {logging_mixin.py:188} INFO - [2024-09-12T14:24:10.860+0000] {dagbag.py:545} INFO - Filling up the DagBag from /opt/airflow/dags/updated_etl.py
[2024-09-12T14:24:12.593+0000] {processor.py:840} INFO - DAG(s) 'ingest_ecommerce_data' retrieved from /opt/airflow/dags/updated_etl.py
[2024-09-12T14:24:12.768+0000] {logging_mixin.py:188} INFO - [2024-09-12T14:24:12.767+0000] {dag.py:3089} INFO - Sync 1 DAGs
[2024-09-12T14:24:12.916+0000] {logging_mixin.py:188} INFO - [2024-09-12T14:24:12.915+0000] {dag.py:3947} INFO - Setting next_dagrun for ingest_ecommerce_data to 2024-09-12 00:00:00+00:00, run_after=2024-09-13 00:00:00+00:00
[2024-09-12T14:24:12.997+0000] {processor.py:183} INFO - Processing /opt/airflow/dags/updated_etl.py took 2.175 seconds
[2024-09-12T14:24:43.910+0000] {processor.py:161} INFO - Started process (PID=317) to work on /opt/airflow/dags/updated_etl.py
[2024-09-12T14:24:43.970+0000] {processor.py:830} INFO - Processing file /opt/airflow/dags/updated_etl.py for tasks to queue
[2024-09-12T14:24:44.132+0000] {logging_mixin.py:188} INFO - [2024-09-12T14:24:44.131+0000] {dagbag.py:545} INFO - Filling up the DagBag from /opt/airflow/dags/updated_etl.py
[2024-09-12T14:24:49.335+0000] {processor.py:840} INFO - DAG(s) 'ingest_ecommerce_data' retrieved from /opt/airflow/dags/updated_etl.py
[2024-09-12T14:24:49.831+0000] {logging_mixin.py:188} INFO - [2024-09-12T14:24:49.830+0000] {dag.py:3089} INFO - Sync 1 DAGs
[2024-09-12T14:24:50.420+0000] {logging_mixin.py:188} INFO - [2024-09-12T14:24:50.419+0000] {dag.py:3947} INFO - Setting next_dagrun for ingest_ecommerce_data to 2024-09-12 00:00:00+00:00, run_after=2024-09-13 00:00:00+00:00
[2024-09-12T14:24:52.646+0000] {processor.py:183} INFO - Processing /opt/airflow/dags/updated_etl.py took 8.893 seconds
[2024-09-12T14:25:23.380+0000] {processor.py:161} INFO - Started process (PID=338) to work on /opt/airflow/dags/updated_etl.py
[2024-09-12T14:25:23.391+0000] {processor.py:830} INFO - Processing file /opt/airflow/dags/updated_etl.py for tasks to queue
[2024-09-12T14:25:23.400+0000] {logging_mixin.py:188} INFO - [2024-09-12T14:25:23.399+0000] {dagbag.py:545} INFO - Filling up the DagBag from /opt/airflow/dags/updated_etl.py
[2024-09-12T14:25:26.050+0000] {processor.py:840} INFO - DAG(s) 'ingest_ecommerce_data' retrieved from /opt/airflow/dags/updated_etl.py
[2024-09-12T14:25:26.128+0000] {logging_mixin.py:188} INFO - [2024-09-12T14:25:26.127+0000] {dag.py:3089} INFO - Sync 1 DAGs
[2024-09-12T14:25:26.185+0000] {logging_mixin.py:188} INFO - [2024-09-12T14:25:26.184+0000] {dag.py:3947} INFO - Setting next_dagrun for ingest_ecommerce_data to 2024-09-12 00:00:00+00:00, run_after=2024-09-13 00:00:00+00:00
[2024-09-12T14:25:26.388+0000] {processor.py:183} INFO - Processing /opt/airflow/dags/updated_etl.py took 3.057 seconds
[2024-09-12T14:25:57.358+0000] {processor.py:161} INFO - Started process (PID=361) to work on /opt/airflow/dags/updated_etl.py
[2024-09-12T14:25:57.361+0000] {processor.py:830} INFO - Processing file /opt/airflow/dags/updated_etl.py for tasks to queue
[2024-09-12T14:25:57.368+0000] {logging_mixin.py:188} INFO - [2024-09-12T14:25:57.367+0000] {dagbag.py:545} INFO - Filling up the DagBag from /opt/airflow/dags/updated_etl.py
[2024-09-12T14:25:59.919+0000] {processor.py:840} INFO - DAG(s) 'ingest_ecommerce_data' retrieved from /opt/airflow/dags/updated_etl.py
[2024-09-12T14:27:13.816+0000] {processor.py:186} ERROR - Got an exception! Propagating...
Traceback (most recent call last):
  File "/home/airflow/.local/lib/python3.12/site-packages/sqlalchemy/engine/base.py", line 3371, in _wrap_pool_connect
    return fn()
           ^^^^
  File "/home/airflow/.local/lib/python3.12/site-packages/sqlalchemy/pool/base.py", line 327, in connect
    return _ConnectionFairy._checkout(self)
           ^^^^^^^^^^^^^^^^^^^^^^^^^^^^^^^^
  File "/home/airflow/.local/lib/python3.12/site-packages/sqlalchemy/pool/base.py", line 894, in _checkout
    fairy = _ConnectionRecord.checkout(pool)
            ^^^^^^^^^^^^^^^^^^^^^^^^^^^^^^^^
  File "/home/airflow/.local/lib/python3.12/site-packages/sqlalchemy/pool/base.py", line 493, in checkout
    rec = pool._do_get()
          ^^^^^^^^^^^^^^
  File "/home/airflow/.local/lib/python3.12/site-packages/sqlalchemy/pool/impl.py", line 145, in _do_get
    with util.safe_reraise():
  File "/home/airflow/.local/lib/python3.12/site-packages/sqlalchemy/util/langhelpers.py", line 70, in __exit__
    compat.raise_(
  File "/home/airflow/.local/lib/python3.12/site-packages/sqlalchemy/util/compat.py", line 211, in raise_
    raise exception
  File "/home/airflow/.local/lib/python3.12/site-packages/sqlalchemy/pool/impl.py", line 143, in _do_get
    return self._create_connection()
           ^^^^^^^^^^^^^^^^^^^^^^^^^
  File "/home/airflow/.local/lib/python3.12/site-packages/sqlalchemy/pool/base.py", line 273, in _create_connection
    return _ConnectionRecord(self)
           ^^^^^^^^^^^^^^^^^^^^^^^
  File "/home/airflow/.local/lib/python3.12/site-packages/sqlalchemy/pool/base.py", line 388, in __init__
    self.__connect()
  File "/home/airflow/.local/lib/python3.12/site-packages/sqlalchemy/pool/base.py", line 690, in __connect
    with util.safe_reraise():
  File "/home/airflow/.local/lib/python3.12/site-packages/sqlalchemy/util/langhelpers.py", line 70, in __exit__
    compat.raise_(
  File "/home/airflow/.local/lib/python3.12/site-packages/sqlalchemy/util/compat.py", line 211, in raise_
    raise exception
  File "/home/airflow/.local/lib/python3.12/site-packages/sqlalchemy/pool/base.py", line 686, in __connect
    self.dbapi_connection = connection = pool._invoke_creator(self)
                                         ^^^^^^^^^^^^^^^^^^^^^^^^^^
  File "/home/airflow/.local/lib/python3.12/site-packages/sqlalchemy/engine/create.py", line 574, in connect
    return dialect.connect(*cargs, **cparams)
           ^^^^^^^^^^^^^^^^^^^^^^^^^^^^^^^^^^
  File "/home/airflow/.local/lib/python3.12/site-packages/sqlalchemy/engine/default.py", line 598, in connect
    return self.dbapi.connect(*cargs, **cparams)
           ^^^^^^^^^^^^^^^^^^^^^^^^^^^^^^^^^^^^^
  File "/home/airflow/.local/lib/python3.12/site-packages/psycopg2/__init__.py", line 122, in connect
    conn = _connect(dsn, connection_factory=connection_factory, **kwasync)
           ^^^^^^^^^^^^^^^^^^^^^^^^^^^^^^^^^^^^^^^^^^^^^^^^^^^^^^^^^^^^^^^
psycopg2.OperationalError: connection to server at "postgres" (172.18.0.2), port 5432 failed: No route to host
	Is the server running on that host and accepting TCP/IP connections?


The above exception was the direct cause of the following exception:

Traceback (most recent call last):
  File "/home/airflow/.local/lib/python3.12/site-packages/airflow/dag_processing/processor.py", line 182, in _run_file_processor
    _handle_dag_file_processing()
  File "/home/airflow/.local/lib/python3.12/site-packages/airflow/dag_processing/processor.py", line 163, in _handle_dag_file_processing
    result: tuple[int, int] = dag_file_processor.process_file(
                              ^^^^^^^^^^^^^^^^^^^^^^^^^^^^^^^^
  File "/home/airflow/.local/lib/python3.12/site-packages/airflow/utils/session.py", line 79, in wrapper
    return func(*args, session=session, **kwargs)
           ^^^^^^^^^^^^^^^^^^^^^^^^^^^^^^^^^^^^^^
  File "/home/airflow/.local/lib/python3.12/site-packages/airflow/dag_processing/processor.py", line 859, in process_file
    serialize_errors = DagFileProcessor.save_dag_to_db(
                       ^^^^^^^^^^^^^^^^^^^^^^^^^^^^^^^^
  File "/home/airflow/.local/lib/python3.12/site-packages/airflow/api_internal/internal_api_call.py", line 115, in wrapper
    return func(*args, **kwargs)
           ^^^^^^^^^^^^^^^^^^^^^
  File "/home/airflow/.local/lib/python3.12/site-packages/airflow/utils/session.py", line 79, in wrapper
    return func(*args, session=session, **kwargs)
           ^^^^^^^^^^^^^^^^^^^^^^^^^^^^^^^^^^^^^^
  File "/home/airflow/.local/lib/python3.12/site-packages/airflow/dag_processing/processor.py", line 895, in save_dag_to_db
    import_errors = DagBag._sync_to_db(dags=dags, processor_subdir=dag_directory, session=session)
                    ^^^^^^^^^^^^^^^^^^^^^^^^^^^^^^^^^^^^^^^^^^^^^^^^^^^^^^^^^^^^^^^^^^^^^^^^^^^^^^
  File "/home/airflow/.local/lib/python3.12/site-packages/airflow/utils/session.py", line 76, in wrapper
    return func(*args, **kwargs)
           ^^^^^^^^^^^^^^^^^^^^^
  File "/home/airflow/.local/lib/python3.12/site-packages/airflow/models/dagbag.py", line 664, in _sync_to_db
    for attempt in run_with_db_retries(logger=log):
  File "/home/airflow/.local/lib/python3.12/site-packages/tenacity/__init__.py", line 443, in __iter__
    do = self.iter(retry_state=retry_state)
         ^^^^^^^^^^^^^^^^^^^^^^^^^^^^^^^^^^
  File "/home/airflow/.local/lib/python3.12/site-packages/tenacity/__init__.py", line 376, in iter
    result = action(retry_state)
             ^^^^^^^^^^^^^^^^^^^
  File "/home/airflow/.local/lib/python3.12/site-packages/tenacity/__init__.py", line 418, in exc_check
    raise retry_exc.reraise()
          ^^^^^^^^^^^^^^^^^^^
  File "/home/airflow/.local/lib/python3.12/site-packages/tenacity/__init__.py", line 185, in reraise
    raise self.last_attempt.result()
          ^^^^^^^^^^^^^^^^^^^^^^^^^^
  File "/usr/local/lib/python3.12/concurrent/futures/_base.py", line 449, in result
    return self.__get_result()
           ^^^^^^^^^^^^^^^^^^^
  File "/usr/local/lib/python3.12/concurrent/futures/_base.py", line 401, in __get_result
    raise self._exception
  File "/home/airflow/.local/lib/python3.12/site-packages/airflow/models/dagbag.py", line 677, in _sync_to_db
    _serialize_dag_capturing_errors(dag, session, processor_subdir)
  File "/home/airflow/.local/lib/python3.12/site-packages/airflow/models/dagbag.py", line 642, in _serialize_dag_capturing_errors
    dag_was_updated = SerializedDagModel.write_dag(
                      ^^^^^^^^^^^^^^^^^^^^^^^^^^^^^
  File "/home/airflow/.local/lib/python3.12/site-packages/airflow/utils/session.py", line 76, in wrapper
    return func(*args, **kwargs)
           ^^^^^^^^^^^^^^^^^^^^^
  File "/home/airflow/.local/lib/python3.12/site-packages/airflow/models/serialized_dag.py", line 158, in write_dag
    if session.scalar(
       ^^^^^^^^^^^^^^^
  File "/home/airflow/.local/lib/python3.12/site-packages/sqlalchemy/orm/session.py", line 1747, in scalar
    return self.execute(
           ^^^^^^^^^^^^^
  File "/home/airflow/.local/lib/python3.12/site-packages/sqlalchemy/orm/session.py", line 1716, in execute
    conn = self._connection_for_bind(bind)
           ^^^^^^^^^^^^^^^^^^^^^^^^^^^^^^^
  File "/home/airflow/.local/lib/python3.12/site-packages/sqlalchemy/orm/session.py", line 1555, in _connection_for_bind
    return self._transaction._connection_for_bind(
           ^^^^^^^^^^^^^^^^^^^^^^^^^^^^^^^^^^^^^^^
  File "/home/airflow/.local/lib/python3.12/site-packages/sqlalchemy/orm/session.py", line 750, in _connection_for_bind
    conn = bind.connect()
           ^^^^^^^^^^^^^^
  File "/home/airflow/.local/lib/python3.12/site-packages/sqlalchemy/future/engine.py", line 412, in connect
    return super(Engine, self).connect()
           ^^^^^^^^^^^^^^^^^^^^^^^^^^^^^
  File "/home/airflow/.local/lib/python3.12/site-packages/sqlalchemy/engine/base.py", line 3325, in connect
    return self._connection_cls(self, close_with_result=close_with_result)
           ^^^^^^^^^^^^^^^^^^^^^^^^^^^^^^^^^^^^^^^^^^^^^^^^^^^^^^^^^^^^^^^
  File "/home/airflow/.local/lib/python3.12/site-packages/sqlalchemy/engine/base.py", line 96, in __init__
    else engine.raw_connection()
         ^^^^^^^^^^^^^^^^^^^^^^^
  File "/home/airflow/.local/lib/python3.12/site-packages/sqlalchemy/engine/base.py", line 3404, in raw_connection
    return self._wrap_pool_connect(self.pool.connect, _connection)
           ^^^^^^^^^^^^^^^^^^^^^^^^^^^^^^^^^^^^^^^^^^^^^^^^^^^^^^^
  File "/home/airflow/.local/lib/python3.12/site-packages/sqlalchemy/engine/base.py", line 3374, in _wrap_pool_connect
    Connection._handle_dbapi_exception_noconnection(
  File "/home/airflow/.local/lib/python3.12/site-packages/sqlalchemy/engine/base.py", line 2208, in _handle_dbapi_exception_noconnection
    util.raise_(
  File "/home/airflow/.local/lib/python3.12/site-packages/sqlalchemy/util/compat.py", line 211, in raise_
    raise exception
  File "/home/airflow/.local/lib/python3.12/site-packages/sqlalchemy/engine/base.py", line 3371, in _wrap_pool_connect
    return fn()
           ^^^^
  File "/home/airflow/.local/lib/python3.12/site-packages/sqlalchemy/pool/base.py", line 327, in connect
    return _ConnectionFairy._checkout(self)
           ^^^^^^^^^^^^^^^^^^^^^^^^^^^^^^^^
  File "/home/airflow/.local/lib/python3.12/site-packages/sqlalchemy/pool/base.py", line 894, in _checkout
    fairy = _ConnectionRecord.checkout(pool)
            ^^^^^^^^^^^^^^^^^^^^^^^^^^^^^^^^
  File "/home/airflow/.local/lib/python3.12/site-packages/sqlalchemy/pool/base.py", line 493, in checkout
    rec = pool._do_get()
          ^^^^^^^^^^^^^^
  File "/home/airflow/.local/lib/python3.12/site-packages/sqlalchemy/pool/impl.py", line 145, in _do_get
    with util.safe_reraise():
  File "/home/airflow/.local/lib/python3.12/site-packages/sqlalchemy/util/langhelpers.py", line 70, in __exit__
    compat.raise_(
  File "/home/airflow/.local/lib/python3.12/site-packages/sqlalchemy/util/compat.py", line 211, in raise_
    raise exception
  File "/home/airflow/.local/lib/python3.12/site-packages/sqlalchemy/pool/impl.py", line 143, in _do_get
    return self._create_connection()
           ^^^^^^^^^^^^^^^^^^^^^^^^^
  File "/home/airflow/.local/lib/python3.12/site-packages/sqlalchemy/pool/base.py", line 273, in _create_connection
    return _ConnectionRecord(self)
           ^^^^^^^^^^^^^^^^^^^^^^^
  File "/home/airflow/.local/lib/python3.12/site-packages/sqlalchemy/pool/base.py", line 388, in __init__
    self.__connect()
  File "/home/airflow/.local/lib/python3.12/site-packages/sqlalchemy/pool/base.py", line 690, in __connect
    with util.safe_reraise():
  File "/home/airflow/.local/lib/python3.12/site-packages/sqlalchemy/util/langhelpers.py", line 70, in __exit__
    compat.raise_(
  File "/home/airflow/.local/lib/python3.12/site-packages/sqlalchemy/util/compat.py", line 211, in raise_
    raise exception
  File "/home/airflow/.local/lib/python3.12/site-packages/sqlalchemy/pool/base.py", line 686, in __connect
    self.dbapi_connection = connection = pool._invoke_creator(self)
                                         ^^^^^^^^^^^^^^^^^^^^^^^^^^
  File "/home/airflow/.local/lib/python3.12/site-packages/sqlalchemy/engine/create.py", line 574, in connect
    return dialect.connect(*cargs, **cparams)
           ^^^^^^^^^^^^^^^^^^^^^^^^^^^^^^^^^^
  File "/home/airflow/.local/lib/python3.12/site-packages/sqlalchemy/engine/default.py", line 598, in connect
    return self.dbapi.connect(*cargs, **cparams)
           ^^^^^^^^^^^^^^^^^^^^^^^^^^^^^^^^^^^^^
  File "/home/airflow/.local/lib/python3.12/site-packages/psycopg2/__init__.py", line 122, in connect
    conn = _connect(dsn, connection_factory=connection_factory, **kwasync)
           ^^^^^^^^^^^^^^^^^^^^^^^^^^^^^^^^^^^^^^^^^^^^^^^^^^^^^^^^^^^^^^^
sqlalchemy.exc.OperationalError: (psycopg2.OperationalError) connection to server at "postgres" (172.18.0.2), port 5432 failed: No route to host
	Is the server running on that host and accepting TCP/IP connections?

(Background on this error at: https://sqlalche.me/e/14/e3q8)
[2024-09-12T15:36:48.848+0000] {processor.py:161} INFO - Started process (PID=170) to work on /opt/airflow/dags/updated_etl.py
[2024-09-12T15:36:48.850+0000] {processor.py:830} INFO - Processing file /opt/airflow/dags/updated_etl.py for tasks to queue
[2024-09-12T15:36:48.855+0000] {logging_mixin.py:188} INFO - [2024-09-12T15:36:48.853+0000] {dagbag.py:545} INFO - Filling up the DagBag from /opt/airflow/dags/updated_etl.py
[2024-09-12T15:36:53.656+0000] {processor.py:840} INFO - DAG(s) 'ingest_ecommerce_data' retrieved from /opt/airflow/dags/updated_etl.py
[2024-09-12T15:36:54.059+0000] {logging_mixin.py:188} INFO - [2024-09-12T15:36:54.058+0000] {dag.py:3089} INFO - Sync 1 DAGs
[2024-09-12T15:36:54.336+0000] {logging_mixin.py:188} INFO - [2024-09-12T15:36:54.336+0000] {dag.py:3947} INFO - Setting next_dagrun for ingest_ecommerce_data to 2024-09-12 00:00:00+00:00, run_after=2024-09-13 00:00:00+00:00
[2024-09-12T15:36:54.387+0000] {processor.py:183} INFO - Processing /opt/airflow/dags/updated_etl.py took 5.552 seconds
[2024-09-12T15:37:24.909+0000] {processor.py:161} INFO - Started process (PID=197) to work on /opt/airflow/dags/updated_etl.py
[2024-09-12T15:37:24.911+0000] {processor.py:830} INFO - Processing file /opt/airflow/dags/updated_etl.py for tasks to queue
[2024-09-12T15:37:24.913+0000] {logging_mixin.py:188} INFO - [2024-09-12T15:37:24.913+0000] {dagbag.py:545} INFO - Filling up the DagBag from /opt/airflow/dags/updated_etl.py
[2024-09-12T15:37:25.680+0000] {processor.py:840} INFO - DAG(s) 'ingest_ecommerce_data' retrieved from /opt/airflow/dags/updated_etl.py
[2024-09-12T15:37:25.719+0000] {logging_mixin.py:188} INFO - [2024-09-12T15:37:25.718+0000] {dag.py:3089} INFO - Sync 1 DAGs
[2024-09-12T15:37:25.760+0000] {logging_mixin.py:188} INFO - [2024-09-12T15:37:25.760+0000] {dag.py:3947} INFO - Setting next_dagrun for ingest_ecommerce_data to 2024-09-12 00:00:00+00:00, run_after=2024-09-13 00:00:00+00:00
[2024-09-12T15:37:25.792+0000] {processor.py:183} INFO - Processing /opt/airflow/dags/updated_etl.py took 0.898 seconds
[2024-09-12T15:37:56.513+0000] {processor.py:161} INFO - Started process (PID=215) to work on /opt/airflow/dags/updated_etl.py
[2024-09-12T15:37:56.516+0000] {processor.py:830} INFO - Processing file /opt/airflow/dags/updated_etl.py for tasks to queue
[2024-09-12T15:37:56.529+0000] {logging_mixin.py:188} INFO - [2024-09-12T15:37:56.528+0000] {dagbag.py:545} INFO - Filling up the DagBag from /opt/airflow/dags/updated_etl.py
[2024-09-12T15:37:57.740+0000] {processor.py:840} INFO - DAG(s) 'ingest_ecommerce_data' retrieved from /opt/airflow/dags/updated_etl.py
[2024-09-12T15:37:57.789+0000] {logging_mixin.py:188} INFO - [2024-09-12T15:37:57.789+0000] {dag.py:3089} INFO - Sync 1 DAGs
[2024-09-12T15:37:57.831+0000] {logging_mixin.py:188} INFO - [2024-09-12T15:37:57.831+0000] {dag.py:3947} INFO - Setting next_dagrun for ingest_ecommerce_data to 2024-09-12 00:00:00+00:00, run_after=2024-09-13 00:00:00+00:00
[2024-09-12T15:37:57.888+0000] {processor.py:183} INFO - Processing /opt/airflow/dags/updated_etl.py took 1.407 seconds
[2024-09-12T15:38:28.305+0000] {processor.py:161} INFO - Started process (PID=233) to work on /opt/airflow/dags/updated_etl.py
[2024-09-12T15:38:28.318+0000] {processor.py:830} INFO - Processing file /opt/airflow/dags/updated_etl.py for tasks to queue
[2024-09-12T15:38:28.327+0000] {logging_mixin.py:188} INFO - [2024-09-12T15:38:28.326+0000] {dagbag.py:545} INFO - Filling up the DagBag from /opt/airflow/dags/updated_etl.py
[2024-09-12T15:38:29.283+0000] {processor.py:840} INFO - DAG(s) 'ingest_ecommerce_data' retrieved from /opt/airflow/dags/updated_etl.py
[2024-09-12T15:38:29.343+0000] {logging_mixin.py:188} INFO - [2024-09-12T15:38:29.343+0000] {dag.py:3089} INFO - Sync 1 DAGs
[2024-09-12T15:38:29.398+0000] {logging_mixin.py:188} INFO - [2024-09-12T15:38:29.398+0000] {dag.py:3947} INFO - Setting next_dagrun for ingest_ecommerce_data to 2024-09-12 00:00:00+00:00, run_after=2024-09-13 00:00:00+00:00
[2024-09-12T15:38:29.440+0000] {processor.py:183} INFO - Processing /opt/airflow/dags/updated_etl.py took 1.160 seconds
[2024-09-12T15:39:00.185+0000] {processor.py:161} INFO - Started process (PID=257) to work on /opt/airflow/dags/updated_etl.py
[2024-09-12T15:39:00.188+0000] {processor.py:830} INFO - Processing file /opt/airflow/dags/updated_etl.py for tasks to queue
[2024-09-12T15:39:00.192+0000] {logging_mixin.py:188} INFO - [2024-09-12T15:39:00.191+0000] {dagbag.py:545} INFO - Filling up the DagBag from /opt/airflow/dags/updated_etl.py
[2024-09-12T15:39:00.964+0000] {processor.py:840} INFO - DAG(s) 'ingest_ecommerce_data' retrieved from /opt/airflow/dags/updated_etl.py
[2024-09-12T15:39:01.011+0000] {logging_mixin.py:188} INFO - [2024-09-12T15:39:01.010+0000] {dag.py:3089} INFO - Sync 1 DAGs
[2024-09-12T15:39:01.043+0000] {logging_mixin.py:188} INFO - [2024-09-12T15:39:01.042+0000] {dag.py:3947} INFO - Setting next_dagrun for ingest_ecommerce_data to 2024-09-12 00:00:00+00:00, run_after=2024-09-13 00:00:00+00:00
[2024-09-12T15:39:01.081+0000] {processor.py:183} INFO - Processing /opt/airflow/dags/updated_etl.py took 0.911 seconds
[2024-09-12T15:39:31.381+0000] {processor.py:161} INFO - Started process (PID=275) to work on /opt/airflow/dags/updated_etl.py
[2024-09-12T15:39:31.382+0000] {processor.py:830} INFO - Processing file /opt/airflow/dags/updated_etl.py for tasks to queue
[2024-09-12T15:39:31.384+0000] {logging_mixin.py:188} INFO - [2024-09-12T15:39:31.384+0000] {dagbag.py:545} INFO - Filling up the DagBag from /opt/airflow/dags/updated_etl.py
[2024-09-12T15:39:32.359+0000] {processor.py:840} INFO - DAG(s) 'ingest_ecommerce_data' retrieved from /opt/airflow/dags/updated_etl.py
[2024-09-12T15:39:32.401+0000] {logging_mixin.py:188} INFO - [2024-09-12T15:39:32.400+0000] {dag.py:3089} INFO - Sync 1 DAGs
[2024-09-12T15:39:32.442+0000] {logging_mixin.py:188} INFO - [2024-09-12T15:39:32.442+0000] {dag.py:3947} INFO - Setting next_dagrun for ingest_ecommerce_data to 2024-09-12 00:00:00+00:00, run_after=2024-09-13 00:00:00+00:00
[2024-09-12T15:39:32.646+0000] {processor.py:183} INFO - Processing /opt/airflow/dags/updated_etl.py took 1.272 seconds
[2024-09-12T15:40:02.857+0000] {processor.py:161} INFO - Started process (PID=293) to work on /opt/airflow/dags/updated_etl.py
[2024-09-12T15:40:02.858+0000] {processor.py:830} INFO - Processing file /opt/airflow/dags/updated_etl.py for tasks to queue
[2024-09-12T15:40:02.863+0000] {logging_mixin.py:188} INFO - [2024-09-12T15:40:02.862+0000] {dagbag.py:545} INFO - Filling up the DagBag from /opt/airflow/dags/updated_etl.py
[2024-09-12T15:40:03.761+0000] {processor.py:840} INFO - DAG(s) 'ingest_ecommerce_data' retrieved from /opt/airflow/dags/updated_etl.py
[2024-09-12T15:40:03.877+0000] {logging_mixin.py:188} INFO - [2024-09-12T15:40:03.876+0000] {dag.py:3089} INFO - Sync 1 DAGs
[2024-09-12T15:40:03.935+0000] {logging_mixin.py:188} INFO - [2024-09-12T15:40:03.935+0000] {dag.py:3947} INFO - Setting next_dagrun for ingest_ecommerce_data to 2024-09-12 00:00:00+00:00, run_after=2024-09-13 00:00:00+00:00
[2024-09-12T15:40:03.994+0000] {processor.py:183} INFO - Processing /opt/airflow/dags/updated_etl.py took 1.152 seconds
[2024-09-12T15:40:36.658+0000] {processor.py:161} INFO - Started process (PID=332) to work on /opt/airflow/dags/updated_etl.py
[2024-09-12T15:40:36.670+0000] {processor.py:830} INFO - Processing file /opt/airflow/dags/updated_etl.py for tasks to queue
[2024-09-12T15:40:36.674+0000] {logging_mixin.py:188} INFO - [2024-09-12T15:40:36.674+0000] {dagbag.py:545} INFO - Filling up the DagBag from /opt/airflow/dags/updated_etl.py
[2024-09-12T15:40:45.555+0000] {processor.py:840} INFO - DAG(s) 'ingest_ecommerce_data' retrieved from /opt/airflow/dags/updated_etl.py
[2024-09-12T15:40:45.989+0000] {logging_mixin.py:188} INFO - [2024-09-12T15:40:45.988+0000] {dag.py:3089} INFO - Sync 1 DAGs
[2024-09-12T15:40:46.307+0000] {logging_mixin.py:188} INFO - [2024-09-12T15:40:46.306+0000] {dag.py:3947} INFO - Setting next_dagrun for ingest_ecommerce_data to 2024-09-12 00:00:00+00:00, run_after=2024-09-13 00:00:00+00:00
[2024-09-12T15:40:46.603+0000] {processor.py:183} INFO - Processing /opt/airflow/dags/updated_etl.py took 10.040 seconds
[2024-09-12T15:41:17.481+0000] {processor.py:161} INFO - Started process (PID=362) to work on /opt/airflow/dags/updated_etl.py
[2024-09-12T15:41:17.504+0000] {processor.py:830} INFO - Processing file /opt/airflow/dags/updated_etl.py for tasks to queue
[2024-09-12T15:41:17.508+0000] {logging_mixin.py:188} INFO - [2024-09-12T15:41:17.507+0000] {dagbag.py:545} INFO - Filling up the DagBag from /opt/airflow/dags/updated_etl.py
[2024-09-12T15:41:22.714+0000] {processor.py:840} INFO - DAG(s) 'ingest_ecommerce_data' retrieved from /opt/airflow/dags/updated_etl.py
[2024-09-12T15:41:23.213+0000] {logging_mixin.py:188} INFO - [2024-09-12T15:41:23.213+0000] {dag.py:3089} INFO - Sync 1 DAGs
[2024-09-12T15:41:23.430+0000] {logging_mixin.py:188} INFO - [2024-09-12T15:41:23.430+0000] {dag.py:3947} INFO - Setting next_dagrun for ingest_ecommerce_data to 2024-09-12 00:00:00+00:00, run_after=2024-09-13 00:00:00+00:00
